0 info it worked if it ends with ok
1 verbose cli [ 'C:\\Program Files\\nodejs\\node.exe',
1 verbose cli   'C:\\Users\\Mariana\\AppData\\Roaming\\npm\\node_modules\\npm\\bin\\npm-cli.js',
1 verbose cli   'install',
1 verbose cli   'jwt',
1 verbose cli   '--save' ]
2 info using npm@3.10.3
3 info using node@v6.9.4
4 silly loadCurrentTree Starting
5 silly install loadCurrentTree
6 silly install readLocalPackageData
7 silly fetchPackageMetaData jwt
8 silly fetchNamedPackageData jwt
9 silly mapToRegistry name jwt
10 silly mapToRegistry using default registry
11 silly mapToRegistry registry https://registry.npmjs.org/
12 silly mapToRegistry data Result {
12 silly mapToRegistry   raw: 'jwt',
12 silly mapToRegistry   scope: null,
12 silly mapToRegistry   escapedName: 'jwt',
12 silly mapToRegistry   name: 'jwt',
12 silly mapToRegistry   rawSpec: '',
12 silly mapToRegistry   spec: 'latest',
12 silly mapToRegistry   type: 'tag' }
13 silly mapToRegistry uri https://registry.npmjs.org/jwt
14 verbose request uri https://registry.npmjs.org/jwt
15 verbose request no auth needed
16 info attempt registry request try #1 at 8:04:41 PM
17 verbose request id a8a0adefe02c67e2
18 http request GET https://registry.npmjs.org/jwt
19 http 200 https://registry.npmjs.org/jwt
20 verbose headers { server: 'nginx/1.10.1',
20 verbose headers   'content-type': 'application/json',
20 verbose headers   'last-modified': 'Thu, 15 Dec 2016 06:28:42 GMT',
20 verbose headers   etag: 'W/"5852381a-1435"',
20 verbose headers   'content-encoding': 'gzip',
20 verbose headers   'cache-control': 'max-age=300',
20 verbose headers   'content-length': '2281',
20 verbose headers   'accept-ranges': 'bytes',
20 verbose headers   date: 'Thu, 23 Mar 2017 00:04:39 GMT',
20 verbose headers   via: '1.1 varnish',
20 verbose headers   age: '0',
20 verbose headers   connection: 'keep-alive',
20 verbose headers   'x-served-by': 'cache-mia1327-MIA',
20 verbose headers   'x-cache': 'MISS',
20 verbose headers   'x-cache-hits': '0',
20 verbose headers   'x-timer': 'S1490227479.909606,VS0,VE32',
20 verbose headers   vary: 'Accept-Encoding' }
21 silly get cb [ 200,
21 silly get   { server: 'nginx/1.10.1',
21 silly get     'content-type': 'application/json',
21 silly get     'last-modified': 'Thu, 15 Dec 2016 06:28:42 GMT',
21 silly get     etag: 'W/"5852381a-1435"',
21 silly get     'content-encoding': 'gzip',
21 silly get     'cache-control': 'max-age=300',
21 silly get     'content-length': '2281',
21 silly get     'accept-ranges': 'bytes',
21 silly get     date: 'Thu, 23 Mar 2017 00:04:39 GMT',
21 silly get     via: '1.1 varnish',
21 silly get     age: '0',
21 silly get     connection: 'keep-alive',
21 silly get     'x-served-by': 'cache-mia1327-MIA',
21 silly get     'x-cache': 'MISS',
21 silly get     'x-cache-hits': '0',
21 silly get     'x-timer': 'S1490227479.909606,VS0,VE32',
21 silly get     vary: 'Accept-Encoding' } ]
22 verbose get saving jwt to C:\Users\Mariana\AppData\Roaming\npm-cache\registry.npmjs.org\jwt\.cache.json
23 verbose correctMkdir C:\Users\Mariana\AppData\Roaming\npm-cache correctMkdir not in flight; initializing
24 silly install normalizeTree
25 silly loadCurrentTree Finishing
26 silly loadIdealTree Starting
27 silly install loadIdealTree
28 silly cloneCurrentTree Starting
29 silly install cloneCurrentTreeToIdealTree
30 silly cloneCurrentTree Finishing
31 silly loadShrinkwrap Starting
32 silly install loadShrinkwrap
33 silly loadShrinkwrap Finishing
34 silly loadAllDepsIntoIdealTree Starting
35 silly install loadAllDepsIntoIdealTree
36 silly resolveWithNewModule jwt@0.2.0 checking installable status
37 silly cache add args [ 'jwt', null ]
38 verbose cache add spec jwt
39 silly cache add parsed spec Result {
39 silly cache add   raw: 'jwt',
39 silly cache add   scope: null,
39 silly cache add   escapedName: 'jwt',
39 silly cache add   name: 'jwt',
39 silly cache add   rawSpec: '',
39 silly cache add   spec: 'latest',
39 silly cache add   type: 'tag' }
40 silly addNamed jwt@latest
41 verbose addNamed "latest" is being treated as a dist-tag for jwt
42 info addNameTag [ 'jwt', 'latest' ]
43 silly mapToRegistry name jwt
44 silly mapToRegistry using default registry
45 silly mapToRegistry registry https://registry.npmjs.org/
46 silly mapToRegistry data Result {
46 silly mapToRegistry   raw: 'jwt',
46 silly mapToRegistry   scope: null,
46 silly mapToRegistry   escapedName: 'jwt',
46 silly mapToRegistry   name: 'jwt',
46 silly mapToRegistry   rawSpec: '',
46 silly mapToRegistry   spec: 'latest',
46 silly mapToRegistry   type: 'tag' }
47 silly mapToRegistry uri https://registry.npmjs.org/jwt
48 verbose addNameTag registry:https://registry.npmjs.org/jwt not in flight; fetching
49 verbose get https://registry.npmjs.org/jwt not expired, no request
50 silly addNameTag next cb for jwt with tag latest
51 silly addNamed jwt@0.2.0
52 verbose addNamed "0.2.0" is a plain semver version for jwt
53 silly mapToRegistry name jwt
54 silly mapToRegistry using default registry
55 silly mapToRegistry registry https://registry.npmjs.org/
56 silly mapToRegistry data Result {
56 silly mapToRegistry   raw: 'jwt',
56 silly mapToRegistry   scope: null,
56 silly mapToRegistry   escapedName: 'jwt',
56 silly mapToRegistry   name: 'jwt',
56 silly mapToRegistry   rawSpec: '',
56 silly mapToRegistry   spec: 'latest',
56 silly mapToRegistry   type: 'tag' }
57 silly mapToRegistry uri https://registry.npmjs.org/jwt
58 verbose addRemoteTarball https://registry.npmjs.org/jwt/-/jwt-0.2.0.tgz not in flight; adding
59 verbose addRemoteTarball [ 'https://registry.npmjs.org/jwt/-/jwt-0.2.0.tgz',
59 verbose addRemoteTarball   '4c9ad46bc84bfeaf91556ecce7c57aa578cbc8b8' ]
60 info retry fetch attempt 1 at 8:04:43 PM
61 info attempt registry request try #1 at 8:04:43 PM
62 http fetch GET https://registry.npmjs.org/jwt/-/jwt-0.2.0.tgz
63 http fetch 200 https://registry.npmjs.org/jwt/-/jwt-0.2.0.tgz
64 silly fetchAndShaCheck shasum 4c9ad46bc84bfeaf91556ecce7c57aa578cbc8b8
65 verbose addTmpTarball C:\Users\Mariana\AppData\Local\Temp\npm-7328-6652265c\registry.npmjs.org\jwt\-\jwt-0.2.0.tgz not in flight; adding
66 verbose addTmpTarball already have metadata; skipping unpack for jwt@0.2.0
67 verbose correctMkdir C:\Users\Mariana\AppData\Roaming\npm-cache correctMkdir not in flight; initializing
68 silly cache afterAdd jwt@0.2.0
69 verbose afterAdd C:\Users\Mariana\AppData\Roaming\npm-cache\jwt\0.2.0\package\package.json not in flight; writing
70 verbose correctMkdir C:\Users\Mariana\AppData\Roaming\npm-cache correctMkdir not in flight; initializing
71 verbose afterAdd C:\Users\Mariana\AppData\Roaming\npm-cache\jwt\0.2.0\package\package.json written
72 silly fetchNamedPackageData node-base64
73 silly mapToRegistry name node-base64
74 silly mapToRegistry using default registry
75 silly mapToRegistry registry https://registry.npmjs.org/
76 silly mapToRegistry data Result {
76 silly mapToRegistry   raw: 'node-base64',
76 silly mapToRegistry   scope: null,
76 silly mapToRegistry   escapedName: 'node-base64',
76 silly mapToRegistry   name: 'node-base64',
76 silly mapToRegistry   rawSpec: '',
76 silly mapToRegistry   spec: 'latest',
76 silly mapToRegistry   type: 'tag' }
77 silly mapToRegistry uri https://registry.npmjs.org/node-base64
78 verbose request uri https://registry.npmjs.org/node-base64
79 verbose request no auth needed
80 info attempt registry request try #1 at 8:04:43 PM
81 http request GET https://registry.npmjs.org/node-base64
82 http 200 https://registry.npmjs.org/node-base64
83 verbose headers { server: 'nginx/1.10.1',
83 verbose headers   'content-type': 'application/json',
83 verbose headers   'last-modified': 'Fri, 15 Apr 2011 21:27:51 GMT',
83 verbose headers   etag: 'W/"4da8b857-40a"',
83 verbose headers   'content-encoding': 'gzip',
83 verbose headers   'cache-control': 'max-age=300',
83 verbose headers   'content-length': '522',
83 verbose headers   'accept-ranges': 'bytes',
83 verbose headers   date: 'Thu, 23 Mar 2017 00:04:41 GMT',
83 verbose headers   via: '1.1 varnish',
83 verbose headers   age: '0',
83 verbose headers   connection: 'keep-alive',
83 verbose headers   'x-served-by': 'cache-mia1327-MIA',
83 verbose headers   'x-cache': 'MISS',
83 verbose headers   'x-cache-hits': '0',
83 verbose headers   'x-timer': 'S1490227481.466765,VS0,VE363',
83 verbose headers   vary: 'Accept-Encoding' }
84 silly get cb [ 200,
84 silly get   { server: 'nginx/1.10.1',
84 silly get     'content-type': 'application/json',
84 silly get     'last-modified': 'Fri, 15 Apr 2011 21:27:51 GMT',
84 silly get     etag: 'W/"4da8b857-40a"',
84 silly get     'content-encoding': 'gzip',
84 silly get     'cache-control': 'max-age=300',
84 silly get     'content-length': '522',
84 silly get     'accept-ranges': 'bytes',
84 silly get     date: 'Thu, 23 Mar 2017 00:04:41 GMT',
84 silly get     via: '1.1 varnish',
84 silly get     age: '0',
84 silly get     connection: 'keep-alive',
84 silly get     'x-served-by': 'cache-mia1327-MIA',
84 silly get     'x-cache': 'MISS',
84 silly get     'x-cache-hits': '0',
84 silly get     'x-timer': 'S1490227481.466765,VS0,VE363',
84 silly get     vary: 'Accept-Encoding' } ]
85 verbose get saving node-base64 to C:\Users\Mariana\AppData\Roaming\npm-cache\registry.npmjs.org\node-base64\.cache.json
86 verbose correctMkdir C:\Users\Mariana\AppData\Roaming\npm-cache correctMkdir not in flight; initializing
87 silly resolveWithNewModule node-base64@0.0.1 checking installable status
88 silly cache add args [ 'node-base64@0.0.1', null ]
89 verbose cache add spec node-base64@0.0.1
90 silly cache add parsed spec Result {
90 silly cache add   raw: 'node-base64@0.0.1',
90 silly cache add   scope: null,
90 silly cache add   escapedName: 'node-base64',
90 silly cache add   name: 'node-base64',
90 silly cache add   rawSpec: '0.0.1',
90 silly cache add   spec: '0.0.1',
90 silly cache add   type: 'version' }
91 silly addNamed node-base64@0.0.1
92 verbose addNamed "0.0.1" is a plain semver version for node-base64
93 silly mapToRegistry name node-base64
94 silly mapToRegistry using default registry
95 silly mapToRegistry registry https://registry.npmjs.org/
96 silly mapToRegistry data Result {
96 silly mapToRegistry   raw: 'node-base64',
96 silly mapToRegistry   scope: null,
96 silly mapToRegistry   escapedName: 'node-base64',
96 silly mapToRegistry   name: 'node-base64',
96 silly mapToRegistry   rawSpec: '',
96 silly mapToRegistry   spec: 'latest',
96 silly mapToRegistry   type: 'tag' }
97 silly mapToRegistry uri https://registry.npmjs.org/node-base64
98 verbose addNameVersion registry:https://registry.npmjs.org/node-base64 not in flight; fetching
99 verbose get https://registry.npmjs.org/node-base64 not expired, no request
100 silly mapToRegistry name node-base64
101 silly mapToRegistry using default registry
102 silly mapToRegistry registry https://registry.npmjs.org/
103 silly mapToRegistry data Result {
103 silly mapToRegistry   raw: 'node-base64',
103 silly mapToRegistry   scope: null,
103 silly mapToRegistry   escapedName: 'node-base64',
103 silly mapToRegistry   name: 'node-base64',
103 silly mapToRegistry   rawSpec: '',
103 silly mapToRegistry   spec: 'latest',
103 silly mapToRegistry   type: 'tag' }
104 silly mapToRegistry uri https://registry.npmjs.org/node-base64
105 verbose addRemoteTarball https://registry.npmjs.org/node-base64/-/node-base64-0.0.1.tgz not in flight; adding
106 verbose addRemoteTarball [ 'https://registry.npmjs.org/node-base64/-/node-base64-0.0.1.tgz',
106 verbose addRemoteTarball   'ee3e095f97e9f4d72fb3dea98bcb2d25c8716b03' ]
107 info retry fetch attempt 1 at 8:04:43 PM
108 info attempt registry request try #1 at 8:04:43 PM
109 http fetch GET https://registry.npmjs.org/node-base64/-/node-base64-0.0.1.tgz
110 http fetch 200 https://registry.npmjs.org/node-base64/-/node-base64-0.0.1.tgz
111 silly fetchAndShaCheck shasum ee3e095f97e9f4d72fb3dea98bcb2d25c8716b03
112 verbose addTmpTarball C:\Users\Mariana\AppData\Local\Temp\npm-7328-6652265c\registry.npmjs.org\node-base64\-\node-base64-0.0.1.tgz not in flight; adding
113 verbose addTmpTarball already have metadata; skipping unpack for node-base64@0.0.1
114 verbose correctMkdir C:\Users\Mariana\AppData\Roaming\npm-cache correctMkdir not in flight; initializing
115 silly cache afterAdd node-base64@0.0.1
116 verbose afterAdd C:\Users\Mariana\AppData\Roaming\npm-cache\node-base64\0.0.1\package\package.json not in flight; writing
117 verbose correctMkdir C:\Users\Mariana\AppData\Roaming\npm-cache correctMkdir not in flight; initializing
118 verbose afterAdd C:\Users\Mariana\AppData\Roaming\npm-cache\node-base64\0.0.1\package\package.json written
119 silly loadAllDepsIntoIdealTree Finishing
120 silly loadIdealTree Finishing
121 silly currentTree mean-app@1.0.0
121 silly currentTree +-- @types/bluebird
121 silly currentTree +-- @types/express
121 silly currentTree +-- @types/express-serve-static-core
121 silly currentTree +-- @types/mime
121 silly currentTree +-- @types/node
121 silly currentTree +-- @types/serve-static
121 silly currentTree +-- abbrev@1.0.9
121 silly currentTree +-- accepts@1.3.3
121 silly currentTree +-- ajv
121 silly currentTree +-- align-text
121 silly currentTree +-- amdefine
121 silly currentTree +-- ansi-regex@2.1.1
121 silly currentTree +-- ansi-styles@2.2.1
121 silly currentTree +-- anymatch@1.3.0
121 silly currentTree +-- aproba
121 silly currentTree +-- are-we-there-yet
121 silly currentTree +-- arr-diff@2.0.0
121 silly currentTree +-- arr-flatten@1.0.1
121 silly currentTree +-- array-flatten@1.1.1
121 silly currentTree +-- array-unique@0.2.1
121 silly currentTree +-- arrify@1.0.1
121 silly currentTree +-- asap
121 silly currentTree +-- asn1
121 silly currentTree +-- assert-plus
121 silly currentTree +-- async-each@1.0.1
121 silly currentTree +-- async@2.1.4
121 silly currentTree +-- asynckit
121 silly currentTree +-- aws-sign2
121 silly currentTree +-- aws4
121 silly currentTree +-- balanced-match@0.4.2
121 silly currentTree +-- base64url
121 silly currentTree +-- basic-auth@1.1.0
121 silly currentTree +-- bcrypt
121 silly currentTree | `-- nan
121 silly currentTree +-- bcrypt-nodejs@0.0.3
121 silly currentTree +-- bcrypt-pbkdf
121 silly currentTree +-- bcryptjs@2.4.3
121 silly currentTree +-- binary-extensions@1.8.0
121 silly currentTree +-- bindings
121 silly currentTree +-- block-stream
121 silly currentTree +-- bluebird@2.10.2
121 silly currentTree +-- body-parser@1.17.1
121 silly currentTree | `-- debug@2.6.1
121 silly currentTree +-- boom
121 silly currentTree +-- bower@1.8.0
121 silly currentTree +-- brace-expansion@1.1.6
121 silly currentTree +-- braces@1.8.5
121 silly currentTree +-- bson@1.0.4
121 silly currentTree +-- buffer-equal-constant-time
121 silly currentTree +-- buffer-shims@1.0.0
121 silly currentTree +-- bytes@2.4.0
121 silly currentTree +-- camelcase
121 silly currentTree +-- caseless
121 silly currentTree +-- center-align
121 silly currentTree +-- chalk@1.1.3
121 silly currentTree +-- chokidar@1.6.1
121 silly currentTree +-- cliui
121 silly currentTree | `-- wordwrap
121 silly currentTree +-- co
121 silly currentTree +-- code-point-at
121 silly currentTree +-- combined-stream
121 silly currentTree +-- concat-map@0.0.1
121 silly currentTree +-- configstore@1.4.0
121 silly currentTree +-- connect-flash@0.1.1
121 silly currentTree +-- console-control-strings
121 silly currentTree +-- content-disposition@0.5.2
121 silly currentTree +-- content-type@1.0.2
121 silly currentTree +-- cookie-parser@1.4.3
121 silly currentTree +-- cookie-signature@1.0.6
121 silly currentTree +-- cookie@0.3.1
121 silly currentTree +-- core-util-is@1.0.2
121 silly currentTree +-- cors@2.8.1
121 silly currentTree +-- crc@3.4.4
121 silly currentTree +-- cryptiles
121 silly currentTree +-- dashdash
121 silly currentTree | `-- assert-plus
121 silly currentTree +-- debug@2.6.0
121 silly currentTree +-- decamelize
121 silly currentTree +-- deep-extend@0.4.1
121 silly currentTree +-- define-properties
121 silly currentTree +-- delayed-stream
121 silly currentTree +-- delegates
121 silly currentTree +-- depd@1.1.0
121 silly currentTree +-- destroy@1.0.4
121 silly currentTree +-- duplexer@0.1.1
121 silly currentTree +-- duplexify@3.5.0
121 silly currentTree +-- each-series@1.0.0
121 silly currentTree +-- ecc-jsbn
121 silly currentTree +-- ecdsa-sig-formatter
121 silly currentTree | `-- safe-buffer
121 silly currentTree +-- ee-first@1.1.1
121 silly currentTree +-- ejs@2.5.6
121 silly currentTree +-- encodeurl@1.0.1
121 silly currentTree +-- end-of-stream@1.0.0
121 silly currentTree +-- es6-promise@3.2.1
121 silly currentTree +-- escape-html@1.0.3
121 silly currentTree +-- escape-string-regexp@1.0.5
121 silly currentTree +-- etag@1.8.0
121 silly currentTree +-- event-stream@3.3.4
121 silly currentTree +-- expand-brackets@0.1.5
121 silly currentTree +-- expand-range@1.8.2
121 silly currentTree +-- express-handlebars@3.0.0
121 silly currentTree | +-- align-text@0.1.4
121 silly currentTree | +-- amdefine@1.0.1
121 silly currentTree | +-- asap@2.0.5
121 silly currentTree | +-- async@1.5.2
121 silly currentTree | +-- camelcase@1.2.1
121 silly currentTree | +-- center-align@0.1.3
121 silly currentTree | +-- cliui@2.1.0
121 silly currentTree | | `-- wordwrap@0.0.2
121 silly currentTree | +-- decamelize@1.2.0
121 silly currentTree | +-- define-properties@1.1.2
121 silly currentTree | +-- foreach@2.0.5
121 silly currentTree | +-- function-bind@1.1.0
121 silly currentTree | +-- glob@6.0.4
121 silly currentTree | +-- handlebars@4.0.6
121 silly currentTree | +-- inflight@1.0.6
121 silly currentTree | +-- lazy-cache@1.0.4
121 silly currentTree | +-- longest@1.0.1
121 silly currentTree | +-- object-keys@1.0.11
121 silly currentTree | +-- object.assign@4.0.4
121 silly currentTree | +-- optimist@0.6.1
121 silly currentTree | +-- promise@7.1.1
121 silly currentTree | +-- right-align@0.1.3
121 silly currentTree | +-- source-map@0.4.4
121 silly currentTree | +-- uglify-js@2.8.14
121 silly currentTree | | `-- source-map@0.5.6
121 silly currentTree | +-- uglify-to-browserify@1.0.2
121 silly currentTree | +-- window-size@0.1.0
121 silly currentTree | +-- wordwrap@0.0.3
121 silly currentTree | `-- yargs@3.10.0
121 silly currentTree +-- express-jwt@5.1.0
121 silly currentTree | +-- async@1.5.2
121 silly currentTree | +-- base64url@2.0.0
121 silly currentTree | +-- buffer-equal-constant-time@1.0.1
121 silly currentTree | +-- ecdsa-sig-formatter@1.0.9
121 silly currentTree | +-- express-unless@0.3.0
121 silly currentTree | +-- hoek@2.16.3
121 silly currentTree | +-- isemail@1.2.0
121 silly currentTree | +-- joi@6.10.1
121 silly currentTree | +-- jsonwebtoken@6.2.0
121 silly currentTree | +-- jwa@1.1.5
121 silly currentTree | +-- jws@3.1.4
121 silly currentTree | +-- lodash.set@4.3.2
121 silly currentTree | +-- moment@2.18.1
121 silly currentTree | +-- safe-buffer@5.0.1
121 silly currentTree | `-- topo@1.1.0
121 silly currentTree +-- express-messages@1.0.1
121 silly currentTree +-- express-session@1.15.1
121 silly currentTree | `-- debug@2.6.1
121 silly currentTree +-- express-unless
121 silly currentTree +-- express-validator@3.1.2
121 silly currentTree | +-- @types/bluebird@3.0.37
121 silly currentTree | +-- @types/express@4.0.35
121 silly currentTree | +-- bluebird@3.5.0
121 silly currentTree | `-- validator@6.2.1
121 silly currentTree +-- express@4.15.2
121 silly currentTree | `-- debug@2.6.1
121 silly currentTree +-- extend
121 silly currentTree +-- extglob@0.3.2
121 silly currentTree +-- extsprintf
121 silly currentTree +-- filename-regex@2.0.0
121 silly currentTree +-- fill-range@2.2.3
121 silly currentTree +-- finalhandler@1.0.0
121 silly currentTree | `-- debug@2.6.1
121 silly currentTree +-- for-in@0.1.6
121 silly currentTree +-- for-own@0.1.4
121 silly currentTree +-- foreach
121 silly currentTree +-- forever-agent
121 silly currentTree +-- form-data
121 silly currentTree +-- forwarded@0.1.0
121 silly currentTree +-- fresh@0.5.0
121 silly currentTree +-- from@0.1.3
121 silly currentTree +-- fs.realpath
121 silly currentTree +-- fsevents@1.0.17
121 silly currentTree | +-- abbrev@1.0.9
121 silly currentTree | +-- ansi-regex@2.0.0
121 silly currentTree | +-- ansi-styles@2.2.1
121 silly currentTree | +-- aproba@1.0.4
121 silly currentTree | +-- are-we-there-yet@1.1.2
121 silly currentTree | +-- asn1@0.2.3
121 silly currentTree | +-- assert-plus@0.2.0
121 silly currentTree | +-- asynckit@0.4.0
121 silly currentTree | +-- aws-sign2@0.6.0
121 silly currentTree | +-- aws4@1.5.0
121 silly currentTree | +-- balanced-match@0.4.2
121 silly currentTree | +-- bcrypt-pbkdf@1.0.0
121 silly currentTree | +-- block-stream@0.0.9
121 silly currentTree | +-- boom@2.10.1
121 silly currentTree | +-- brace-expansion@1.1.6
121 silly currentTree | +-- buffer-shims@1.0.0
121 silly currentTree | +-- caseless@0.11.0
121 silly currentTree | +-- chalk@1.1.3
121 silly currentTree | | `-- supports-color@2.0.0
121 silly currentTree | +-- code-point-at@1.1.0
121 silly currentTree | +-- combined-stream@1.0.5
121 silly currentTree | +-- commander@2.9.0
121 silly currentTree | +-- concat-map@0.0.1
121 silly currentTree | +-- console-control-strings@1.1.0
121 silly currentTree | +-- core-util-is@1.0.2
121 silly currentTree | +-- cryptiles@2.0.5
121 silly currentTree | +-- dashdash@1.14.1
121 silly currentTree | | `-- assert-plus@1.0.0
121 silly currentTree | +-- debug@2.2.0
121 silly currentTree | +-- deep-extend@0.4.1
121 silly currentTree | +-- delayed-stream@1.0.0
121 silly currentTree | +-- delegates@1.0.0
121 silly currentTree | +-- ecc-jsbn@0.1.1
121 silly currentTree | +-- escape-string-regexp@1.0.5
121 silly currentTree | +-- extend@3.0.0
121 silly currentTree | +-- extsprintf@1.0.2
121 silly currentTree | +-- forever-agent@0.6.1
121 silly currentTree | +-- form-data@2.1.2
121 silly currentTree | +-- fs.realpath@1.0.0
121 silly currentTree | +-- fstream-ignore@1.0.5
121 silly currentTree | +-- fstream@1.0.10
121 silly currentTree | +-- gauge@2.7.2
121 silly currentTree | +-- generate-function@2.0.0
121 silly currentTree | +-- generate-object-property@1.2.0
121 silly currentTree | +-- getpass@0.1.6
121 silly currentTree | | `-- assert-plus@1.0.0
121 silly currentTree | +-- glob@7.1.1
121 silly currentTree | +-- graceful-fs@4.1.11
121 silly currentTree | +-- graceful-readlink@1.0.1
121 silly currentTree | +-- har-validator@2.0.6
121 silly currentTree | +-- has-ansi@2.0.0
121 silly currentTree | +-- has-unicode@2.0.1
121 silly currentTree | +-- hawk@3.1.3
121 silly currentTree | +-- hoek@2.16.3
121 silly currentTree | +-- http-signature@1.1.1
121 silly currentTree | +-- inflight@1.0.6
121 silly currentTree | +-- inherits@2.0.3
121 silly currentTree | +-- ini@1.3.4
121 silly currentTree | +-- is-fullwidth-code-point@1.0.0
121 silly currentTree | +-- is-my-json-valid@2.15.0
121 silly currentTree | +-- is-property@1.0.2
121 silly currentTree | +-- is-typedarray@1.0.0
121 silly currentTree | +-- isarray@1.0.0
121 silly currentTree | +-- isstream@0.1.2
121 silly currentTree | +-- jodid25519@1.0.2
121 silly currentTree | +-- jsbn@0.1.0
121 silly currentTree | +-- json-schema@0.2.3
121 silly currentTree | +-- json-stringify-safe@5.0.1
121 silly currentTree | +-- jsonpointer@4.0.1
121 silly currentTree | +-- jsprim@1.3.1
121 silly currentTree | +-- mime-db@1.25.0
121 silly currentTree | +-- mime-types@2.1.13
121 silly currentTree | +-- minimatch@3.0.3
121 silly currentTree | +-- minimist@0.0.8
121 silly currentTree | +-- mkdirp@0.5.1
121 silly currentTree | +-- ms@0.7.1
121 silly currentTree | +-- node-pre-gyp@0.6.32
121 silly currentTree | +-- nopt@3.0.6
121 silly currentTree | +-- npmlog@4.0.2
121 silly currentTree | +-- number-is-nan@1.0.1
121 silly currentTree | +-- oauth-sign@0.8.2
121 silly currentTree | +-- object-assign@4.1.0
121 silly currentTree | +-- once@1.4.0
121 silly currentTree | +-- path-is-absolute@1.0.1
121 silly currentTree | +-- pinkie-promise@2.0.1
121 silly currentTree | +-- pinkie@2.0.4
121 silly currentTree | +-- process-nextick-args@1.0.7
121 silly currentTree | +-- punycode@1.4.1
121 silly currentTree | +-- qs@6.3.0
121 silly currentTree | +-- rc@1.1.6
121 silly currentTree | | `-- minimist@1.2.0
121 silly currentTree | +-- readable-stream@2.2.2
121 silly currentTree | +-- request@2.79.0
121 silly currentTree | +-- rimraf@2.5.4
121 silly currentTree | +-- semver@5.3.0
121 silly currentTree | +-- set-blocking@2.0.0
121 silly currentTree | +-- signal-exit@3.0.2
121 silly currentTree | +-- sntp@1.0.9
121 silly currentTree | +-- sshpk@1.10.1
121 silly currentTree | | `-- assert-plus@1.0.0
121 silly currentTree | +-- string_decoder@0.10.31
121 silly currentTree | +-- string-width@1.0.2
121 silly currentTree | +-- stringstream@0.0.5
121 silly currentTree | +-- strip-ansi@3.0.1
121 silly currentTree | +-- strip-json-comments@1.0.4
121 silly currentTree | +-- supports-color@0.2.0
121 silly currentTree | +-- tar-pack@3.3.0
121 silly currentTree | | +-- once@1.3.3
121 silly currentTree | | `-- readable-stream@2.1.5
121 silly currentTree | +-- tar@2.2.1
121 silly currentTree | +-- tough-cookie@2.3.2
121 silly currentTree | +-- tunnel-agent@0.4.3
121 silly currentTree | +-- tweetnacl@0.14.5
121 silly currentTree | +-- uid-number@0.0.6
121 silly currentTree | +-- util-deprecate@1.0.2
121 silly currentTree | +-- uuid@3.0.1
121 silly currentTree | +-- verror@1.3.6
121 silly currentTree | +-- wide-align@1.1.0
121 silly currentTree | +-- wrappy@1.0.2
121 silly currentTree | `-- xtend@4.0.1
121 silly currentTree +-- fstream
121 silly currentTree +-- fstream-ignore
121 silly currentTree +-- function-bind
121 silly currentTree +-- gauge
121 silly currentTree +-- getpass
121 silly currentTree | `-- assert-plus
121 silly currentTree +-- git@0.1.5
121 silly currentTree | `-- mime@1.2.9
121 silly currentTree +-- glob-base@0.3.0
121 silly currentTree +-- glob-parent@2.0.0
121 silly currentTree +-- glob@7.1.1
121 silly currentTree | +-- fs.realpath@1.0.0
121 silly currentTree | `-- inflight@1.0.6
121 silly currentTree +-- got@3.3.1
121 silly currentTree | `-- object-assign@3.0.0
121 silly currentTree +-- graceful-fs@4.1.11
121 silly currentTree +-- handlebars
121 silly currentTree +-- har-schema
121 silly currentTree +-- har-validator
121 silly currentTree +-- has-ansi@2.0.0
121 silly currentTree +-- has-unicode
121 silly currentTree +-- hawk
121 silly currentTree +-- hoek
121 silly currentTree +-- hooks-fixed@2.0.0
121 silly currentTree +-- http-errors@1.6.1
121 silly currentTree +-- http-signature
121 silly currentTree +-- iconv-lite@0.4.15
121 silly currentTree +-- ignore-by-default@1.0.1
121 silly currentTree +-- imurmurhash@0.1.4
121 silly currentTree +-- infinity-agent@2.0.3
121 silly currentTree +-- inflight
121 silly currentTree +-- inherits@2.0.3
121 silly currentTree +-- ini@1.3.4
121 silly currentTree +-- ipaddr.js@1.2.0
121 silly currentTree +-- is-binary-path@1.0.1
121 silly currentTree +-- is-buffer@1.1.4
121 silly currentTree +-- is-dotfile@1.0.2
121 silly currentTree +-- is-equal-shallow@0.1.3
121 silly currentTree +-- is-extendable@0.1.1
121 silly currentTree +-- is-extglob@1.0.0
121 silly currentTree +-- is-finite@1.0.2
121 silly currentTree +-- is-fullwidth-code-point
121 silly currentTree +-- is-glob@2.0.1
121 silly currentTree +-- is-npm@1.0.0
121 silly currentTree +-- is-number@2.1.0
121 silly currentTree +-- is-posix-bracket@0.1.1
121 silly currentTree +-- is-primitive@2.0.0
121 silly currentTree +-- is-redirect@1.0.0
121 silly currentTree +-- is-stream@1.1.0
121 silly currentTree +-- is-typedarray
121 silly currentTree +-- isarray@1.0.0
121 silly currentTree +-- isemail
121 silly currentTree +-- isobject@2.1.0
121 silly currentTree +-- isstream
121 silly currentTree +-- jodid25519
121 silly currentTree +-- joi
121 silly currentTree | `-- hoek
121 silly currentTree +-- jsbn
121 silly currentTree +-- json-schema
121 silly currentTree +-- json-stable-stringify
121 silly currentTree +-- json-stringify-safe
121 silly currentTree +-- jsonify
121 silly currentTree +-- jsonwebtoken@7.3.0
121 silly currentTree | +-- base64url@2.0.0
121 silly currentTree | +-- buffer-equal-constant-time@1.0.1
121 silly currentTree | +-- ecdsa-sig-formatter@1.0.9
121 silly currentTree | +-- hoek@2.16.3
121 silly currentTree | +-- isemail@1.2.0
121 silly currentTree | +-- joi@6.10.1
121 silly currentTree | +-- jwa@1.1.5
121 silly currentTree | +-- jws@3.1.4
121 silly currentTree | +-- lodash.once@4.1.1
121 silly currentTree | +-- moment@2.18.1
121 silly currentTree | +-- safe-buffer@5.0.1
121 silly currentTree | `-- topo@1.1.0
121 silly currentTree +-- jsprim
121 silly currentTree | `-- assert-plus
121 silly currentTree +-- jwa
121 silly currentTree | `-- safe-buffer
121 silly currentTree +-- jws
121 silly currentTree | `-- safe-buffer
121 silly currentTree +-- kareem@1.2.1
121 silly currentTree +-- kind-of@3.1.0
121 silly currentTree +-- latest-version@1.0.1
121 silly currentTree +-- lazy-cache
121 silly currentTree +-- loadash@0.0.1
121 silly currentTree +-- lodash._baseassign@3.2.0
121 silly currentTree +-- lodash._basecopy@3.0.1
121 silly currentTree +-- lodash._bindcallback@3.0.1
121 silly currentTree +-- lodash._createassigner@3.1.1
121 silly currentTree +-- lodash._getnative@3.9.1
121 silly currentTree +-- lodash._isiterateecall@3.0.9
121 silly currentTree +-- lodash.assign@3.2.0
121 silly currentTree +-- lodash.defaults@3.1.2
121 silly currentTree +-- lodash.isarguments@3.1.0
121 silly currentTree +-- lodash.isarray@3.0.4
121 silly currentTree +-- lodash.keys@3.1.2
121 silly currentTree +-- lodash.once
121 silly currentTree +-- lodash.restparam@3.6.1
121 silly currentTree +-- lodash.set
121 silly currentTree +-- lodash@4.17.4
121 silly currentTree +-- longest
121 silly currentTree +-- lowercase-keys@1.0.0
121 silly currentTree +-- map-stream@0.1.0
121 silly currentTree +-- media-typer@0.3.0
121 silly currentTree +-- merge-descriptors@1.0.1
121 silly currentTree +-- method-override@2.3.7
121 silly currentTree | `-- debug@2.3.3
121 silly currentTree +-- methods@1.1.2
121 silly currentTree +-- micromatch@2.3.11
121 silly currentTree +-- mime-db@1.26.0
121 silly currentTree +-- mime-types@2.1.14
121 silly currentTree +-- mime@1.3.4
121 silly currentTree +-- minimatch@3.0.3
121 silly currentTree +-- minimist@0.0.8
121 silly currentTree +-- mkdirp@0.5.1
121 silly currentTree +-- moment
121 silly currentTree +-- mongodb-core@2.1.9
121 silly currentTree +-- mongodb@2.2.25
121 silly currentTree +-- mongojs@2.4.0
121 silly currentTree +-- mongoose@4.9.1
121 silly currentTree +-- mongoskin@2.1.0
121 silly currentTree +-- morgan@1.8.1
121 silly currentTree | `-- debug@2.6.1
121 silly currentTree +-- mpath@0.2.1
121 silly currentTree +-- mpromise@0.5.5
121 silly currentTree +-- mquery@2.3.0
121 silly currentTree | +-- debug@2.2.0
121 silly currentTree | +-- ms@0.7.1
121 silly currentTree | `-- sliced@0.0.5
121 silly currentTree +-- ms@0.7.2
121 silly currentTree +-- muri@1.2.1
121 silly currentTree +-- nan@2.5.1
121 silly currentTree +-- negotiator@0.6.1
121 silly currentTree +-- nested-error-stacks@1.0.2
121 silly currentTree +-- node-pre-gyp
121 silly currentTree | `-- nopt
121 silly currentTree +-- nodemailer@3.1.7
121 silly currentTree +-- nodemon@1.11.0
121 silly currentTree +-- nopt@1.0.10
121 silly currentTree +-- normalize-path@2.0.1
121 silly currentTree +-- npmlog
121 silly currentTree +-- number-is-nan@1.0.1
121 silly currentTree +-- oauth-sign
121 silly currentTree +-- object-assign@4.1.1
121 silly currentTree +-- object-keys
121 silly currentTree +-- object.assign
121 silly currentTree +-- object.omit@2.0.1
121 silly currentTree +-- on-finished@2.3.0
121 silly currentTree +-- on-headers@1.0.1
121 silly currentTree +-- once@1.3.3
121 silly currentTree +-- optimist
121 silly currentTree +-- os-homedir@1.0.2
121 silly currentTree +-- os-tmpdir@1.0.2
121 silly currentTree +-- osenv@0.1.4
121 silly currentTree +-- package-json@1.2.0
121 silly currentTree +-- parse-glob@3.0.4
121 silly currentTree +-- parse-mongo-url@1.1.1
121 silly currentTree +-- parseurl@1.3.1
121 silly currentTree +-- passport-http@0.3.0
121 silly currentTree +-- passport-jwt@2.2.1
121 silly currentTree +-- passport-local@1.0.0
121 silly currentTree +-- passport-strategy@1.0.0
121 silly currentTree +-- passport@0.3.2
121 silly currentTree +-- path-is-absolute@1.0.1
121 silly currentTree +-- path-to-regexp@0.1.7
121 silly currentTree +-- pause-stream@0.0.11
121 silly currentTree +-- pause@0.0.1
121 silly currentTree +-- performance-now
121 silly currentTree +-- pinkie-promise@2.0.1
121 silly currentTree +-- pinkie@2.0.4
121 silly currentTree +-- prepend-http@1.0.4
121 silly currentTree +-- preserve@0.2.0
121 silly currentTree +-- process-nextick-args@1.0.7
121 silly currentTree +-- promise
121 silly currentTree +-- proxy-addr@1.1.3
121 silly currentTree +-- ps-tree@1.1.0
121 silly currentTree +-- punycode
121 silly currentTree +-- q@1.5.0
121 silly currentTree +-- qs@6.4.0
121 silly currentTree +-- random-bytes@1.0.0
121 silly currentTree +-- randomatic@1.1.6
121 silly currentTree +-- range-parser@1.2.0
121 silly currentTree +-- raw-body@2.2.0
121 silly currentTree +-- rc@1.1.6
121 silly currentTree | `-- minimist@1.2.0
121 silly currentTree +-- read-all-stream@3.1.0
121 silly currentTree +-- readable-stream@2.1.5
121 silly currentTree +-- readdirp@2.1.0
121 silly currentTree +-- regex-cache@0.4.3
121 silly currentTree +-- regexp-clone@0.0.1
121 silly currentTree +-- registry-url@3.1.0
121 silly currentTree +-- repeat-element@1.1.2
121 silly currentTree +-- repeat-string@1.6.1
121 silly currentTree +-- repeating@1.1.3
121 silly currentTree +-- request@2.81.0
121 silly currentTree | +-- ajv@4.11.5
121 silly currentTree | +-- asn1@0.2.3
121 silly currentTree | +-- assert-plus@0.2.0
121 silly currentTree | +-- asynckit@0.4.0
121 silly currentTree | +-- aws-sign2@0.6.0
121 silly currentTree | +-- aws4@1.6.0
121 silly currentTree | +-- bcrypt-pbkdf@1.0.1
121 silly currentTree | +-- boom@2.10.1
121 silly currentTree | +-- caseless@0.12.0
121 silly currentTree | +-- co@4.6.0
121 silly currentTree | +-- combined-stream@1.0.5
121 silly currentTree | +-- cryptiles@2.0.5
121 silly currentTree | +-- dashdash@1.14.1
121 silly currentTree | | `-- assert-plus@1.0.0
121 silly currentTree | +-- delayed-stream@1.0.0
121 silly currentTree | +-- ecc-jsbn@0.1.1
121 silly currentTree | +-- extend@3.0.0
121 silly currentTree | +-- extsprintf@1.0.2
121 silly currentTree | +-- forever-agent@0.6.1
121 silly currentTree | +-- form-data@2.1.2
121 silly currentTree | +-- getpass@0.1.6
121 silly currentTree | | `-- assert-plus@1.0.0
121 silly currentTree | +-- har-schema@1.0.5
121 silly currentTree | +-- har-validator@4.2.1
121 silly currentTree | +-- hawk@3.1.3
121 silly currentTree | +-- hoek@2.16.3
121 silly currentTree | +-- http-signature@1.1.1
121 silly currentTree | +-- is-typedarray@1.0.0
121 silly currentTree | +-- isstream@0.1.2
121 silly currentTree | +-- jodid25519@1.0.2
121 silly currentTree | +-- jsbn@0.1.1
121 silly currentTree | +-- json-schema@0.2.3
121 silly currentTree | +-- json-stable-stringify@1.0.1
121 silly currentTree | +-- json-stringify-safe@5.0.1
121 silly currentTree | +-- jsonify@0.0.0
121 silly currentTree | +-- jsprim@1.4.0
121 silly currentTree | | `-- assert-plus@1.0.0
121 silly currentTree | +-- oauth-sign@0.8.2
121 silly currentTree | +-- performance-now@0.2.0
121 silly currentTree | +-- punycode@1.4.1
121 silly currentTree | +-- safe-buffer@5.0.1
121 silly currentTree | +-- sntp@1.0.9
121 silly currentTree | +-- sshpk@1.11.0
121 silly currentTree | | `-- assert-plus@1.0.0
121 silly currentTree | +-- stringstream@0.0.5
121 silly currentTree | +-- tough-cookie@2.3.2
121 silly currentTree | +-- tunnel-agent@0.6.0
121 silly currentTree | +-- tweetnacl@0.14.5
121 silly currentTree | +-- uuid@3.0.1
121 silly currentTree | `-- verror@1.3.6
121 silly currentTree +-- require_optional@1.0.0
121 silly currentTree +-- resolve-from@2.0.0
121 silly currentTree +-- right-align
121 silly currentTree +-- rimraf
121 silly currentTree +-- rootpath@0.1.2
121 silly currentTree +-- safe-buffer
121 silly currentTree +-- semver-diff@2.1.0
121 silly currentTree +-- semver@5.3.0
121 silly currentTree +-- send@0.15.1
121 silly currentTree | `-- debug@2.6.1
121 silly currentTree +-- serve-static@1.12.1
121 silly currentTree +-- set-blocking
121 silly currentTree +-- set-immediate-shim@1.0.1
121 silly currentTree +-- setprototypeof@1.0.3
121 silly currentTree +-- signal-exit
121 silly currentTree +-- sliced@1.0.1
121 silly currentTree +-- slide@1.1.6
121 silly currentTree +-- sntp
121 silly currentTree +-- source-map
121 silly currentTree +-- split@0.3.3
121 silly currentTree +-- sshpk
121 silly currentTree | `-- assert-plus
121 silly currentTree +-- statuses@1.3.1
121 silly currentTree +-- stream-combiner@0.0.4
121 silly currentTree +-- stream-shift@1.0.0
121 silly currentTree +-- string_decoder@0.10.31
121 silly currentTree +-- string-length@1.0.1
121 silly currentTree +-- string-width
121 silly currentTree +-- stringstream
121 silly currentTree +-- strip-ansi@3.0.1
121 silly currentTree +-- strip-json-comments@1.0.4
121 silly currentTree +-- supports-color@2.0.0
121 silly currentTree +-- tar
121 silly currentTree +-- tar-pack
121 silly currentTree | +-- debug
121 silly currentTree | `-- ms
121 silly currentTree +-- through@2.3.8
121 silly currentTree +-- thunky@0.1.0
121 silly currentTree +-- timed-out@2.0.0
121 silly currentTree +-- to-mongodb-core@2.0.0
121 silly currentTree +-- topo
121 silly currentTree | `-- hoek
121 silly currentTree +-- touch@1.0.0
121 silly currentTree +-- tough-cookie
121 silly currentTree +-- tunnel-agent
121 silly currentTree +-- tweetnacl
121 silly currentTree +-- type-is@1.6.14
121 silly currentTree +-- uglify-js
121 silly currentTree | `-- source-map
121 silly currentTree +-- uglify-to-browserify
121 silly currentTree +-- uid-number
121 silly currentTree +-- uid-safe@2.1.4
121 silly currentTree +-- undefsafe@0.0.3
121 silly currentTree +-- unpipe@1.0.0
121 silly currentTree +-- update-notifier@0.5.0
121 silly currentTree +-- util-deprecate@1.0.2
121 silly currentTree +-- utils-merge@1.0.0
121 silly currentTree +-- uuid@2.0.3
121 silly currentTree +-- validator
121 silly currentTree +-- vary@1.1.0
121 silly currentTree +-- verror
121 silly currentTree +-- wide-align
121 silly currentTree +-- window-size
121 silly currentTree +-- wordwrap
121 silly currentTree +-- wrappy@1.0.2
121 silly currentTree +-- write-file-atomic@1.3.1
121 silly currentTree +-- xdg-basedir@2.0.0
121 silly currentTree +-- xtend@4.0.1
121 silly currentTree `-- yargs
122 silly idealTree mean-app@1.0.0
122 silly idealTree +-- @types/bluebird
122 silly idealTree +-- @types/express
122 silly idealTree +-- @types/express-serve-static-core
122 silly idealTree +-- @types/mime
122 silly idealTree +-- @types/node
122 silly idealTree +-- @types/serve-static
122 silly idealTree +-- abbrev@1.0.9
122 silly idealTree +-- accepts@1.3.3
122 silly idealTree +-- ajv
122 silly idealTree +-- align-text
122 silly idealTree +-- amdefine
122 silly idealTree +-- ansi-regex@2.1.1
122 silly idealTree +-- ansi-styles@2.2.1
122 silly idealTree +-- anymatch@1.3.0
122 silly idealTree +-- aproba
122 silly idealTree +-- are-we-there-yet
122 silly idealTree +-- arr-diff@2.0.0
122 silly idealTree +-- arr-flatten@1.0.1
122 silly idealTree +-- array-flatten@1.1.1
122 silly idealTree +-- array-unique@0.2.1
122 silly idealTree +-- arrify@1.0.1
122 silly idealTree +-- asap
122 silly idealTree +-- asn1
122 silly idealTree +-- assert-plus
122 silly idealTree +-- async-each@1.0.1
122 silly idealTree +-- async@2.1.4
122 silly idealTree +-- asynckit
122 silly idealTree +-- aws-sign2
122 silly idealTree +-- aws4
122 silly idealTree +-- balanced-match@0.4.2
122 silly idealTree +-- base64url
122 silly idealTree +-- basic-auth@1.1.0
122 silly idealTree +-- bcrypt
122 silly idealTree | `-- nan
122 silly idealTree +-- bcrypt-nodejs@0.0.3
122 silly idealTree +-- bcrypt-pbkdf
122 silly idealTree +-- bcryptjs@2.4.3
122 silly idealTree +-- binary-extensions@1.8.0
122 silly idealTree +-- bindings
122 silly idealTree +-- block-stream
122 silly idealTree +-- bluebird@2.10.2
122 silly idealTree +-- body-parser@1.17.1
122 silly idealTree | `-- debug@2.6.1
122 silly idealTree +-- boom
122 silly idealTree +-- bower@1.8.0
122 silly idealTree +-- brace-expansion@1.1.6
122 silly idealTree +-- braces@1.8.5
122 silly idealTree +-- bson@1.0.4
122 silly idealTree +-- buffer-equal-constant-time
122 silly idealTree +-- buffer-shims@1.0.0
122 silly idealTree +-- bytes@2.4.0
122 silly idealTree +-- camelcase
122 silly idealTree +-- caseless
122 silly idealTree +-- center-align
122 silly idealTree +-- chalk@1.1.3
122 silly idealTree +-- chokidar@1.6.1
122 silly idealTree +-- cliui
122 silly idealTree | `-- wordwrap
122 silly idealTree +-- co
122 silly idealTree +-- code-point-at
122 silly idealTree +-- combined-stream
122 silly idealTree +-- concat-map@0.0.1
122 silly idealTree +-- configstore@1.4.0
122 silly idealTree +-- connect-flash@0.1.1
122 silly idealTree +-- console-control-strings
122 silly idealTree +-- content-disposition@0.5.2
122 silly idealTree +-- content-type@1.0.2
122 silly idealTree +-- cookie-parser@1.4.3
122 silly idealTree +-- cookie-signature@1.0.6
122 silly idealTree +-- cookie@0.3.1
122 silly idealTree +-- core-util-is@1.0.2
122 silly idealTree +-- cors@2.8.1
122 silly idealTree +-- crc@3.4.4
122 silly idealTree +-- cryptiles
122 silly idealTree +-- dashdash
122 silly idealTree | `-- assert-plus
122 silly idealTree +-- debug@2.6.0
122 silly idealTree +-- decamelize
122 silly idealTree +-- deep-extend@0.4.1
122 silly idealTree +-- define-properties
122 silly idealTree +-- delayed-stream
122 silly idealTree +-- delegates
122 silly idealTree +-- depd@1.1.0
122 silly idealTree +-- destroy@1.0.4
122 silly idealTree +-- duplexer@0.1.1
122 silly idealTree +-- duplexify@3.5.0
122 silly idealTree +-- each-series@1.0.0
122 silly idealTree +-- ecc-jsbn
122 silly idealTree +-- ecdsa-sig-formatter
122 silly idealTree | `-- safe-buffer
122 silly idealTree +-- ee-first@1.1.1
122 silly idealTree +-- ejs@2.5.6
122 silly idealTree +-- encodeurl@1.0.1
122 silly idealTree +-- end-of-stream@1.0.0
122 silly idealTree +-- es6-promise@3.2.1
122 silly idealTree +-- escape-html@1.0.3
122 silly idealTree +-- escape-string-regexp@1.0.5
122 silly idealTree +-- etag@1.8.0
122 silly idealTree +-- event-stream@3.3.4
122 silly idealTree +-- expand-brackets@0.1.5
122 silly idealTree +-- expand-range@1.8.2
122 silly idealTree +-- express-handlebars@3.0.0
122 silly idealTree | +-- align-text@0.1.4
122 silly idealTree | +-- amdefine@1.0.1
122 silly idealTree | +-- asap@2.0.5
122 silly idealTree | +-- async@1.5.2
122 silly idealTree | +-- camelcase@1.2.1
122 silly idealTree | +-- center-align@0.1.3
122 silly idealTree | +-- cliui@2.1.0
122 silly idealTree | | `-- wordwrap@0.0.2
122 silly idealTree | +-- decamelize@1.2.0
122 silly idealTree | +-- define-properties@1.1.2
122 silly idealTree | +-- foreach@2.0.5
122 silly idealTree | +-- function-bind@1.1.0
122 silly idealTree | +-- glob@6.0.4
122 silly idealTree | +-- handlebars@4.0.6
122 silly idealTree | +-- inflight@1.0.6
122 silly idealTree | +-- lazy-cache@1.0.4
122 silly idealTree | +-- longest@1.0.1
122 silly idealTree | +-- object-keys@1.0.11
122 silly idealTree | +-- object.assign@4.0.4
122 silly idealTree | +-- optimist@0.6.1
122 silly idealTree | +-- promise@7.1.1
122 silly idealTree | +-- right-align@0.1.3
122 silly idealTree | +-- source-map@0.4.4
122 silly idealTree | +-- uglify-js@2.8.14
122 silly idealTree | | `-- source-map@0.5.6
122 silly idealTree | +-- uglify-to-browserify@1.0.2
122 silly idealTree | +-- window-size@0.1.0
122 silly idealTree | +-- wordwrap@0.0.3
122 silly idealTree | `-- yargs@3.10.0
122 silly idealTree +-- express-jwt@5.1.0
122 silly idealTree | +-- async@1.5.2
122 silly idealTree | +-- base64url@2.0.0
122 silly idealTree | +-- buffer-equal-constant-time@1.0.1
122 silly idealTree | +-- ecdsa-sig-formatter@1.0.9
122 silly idealTree | +-- express-unless@0.3.0
122 silly idealTree | +-- hoek@2.16.3
122 silly idealTree | +-- isemail@1.2.0
122 silly idealTree | +-- joi@6.10.1
122 silly idealTree | +-- jsonwebtoken@6.2.0
122 silly idealTree | +-- jwa@1.1.5
122 silly idealTree | +-- jws@3.1.4
122 silly idealTree | +-- lodash.set@4.3.2
122 silly idealTree | +-- moment@2.18.1
122 silly idealTree | +-- safe-buffer@5.0.1
122 silly idealTree | `-- topo@1.1.0
122 silly idealTree +-- express-messages@1.0.1
122 silly idealTree +-- express-session@1.15.1
122 silly idealTree | `-- debug@2.6.1
122 silly idealTree +-- express-unless
122 silly idealTree +-- express-validator@3.1.2
122 silly idealTree | +-- @types/bluebird@3.0.37
122 silly idealTree | +-- @types/express@4.0.35
122 silly idealTree | +-- bluebird@3.5.0
122 silly idealTree | `-- validator@6.2.1
122 silly idealTree +-- express@4.15.2
122 silly idealTree | `-- debug@2.6.1
122 silly idealTree +-- extend
122 silly idealTree +-- extglob@0.3.2
122 silly idealTree +-- extsprintf
122 silly idealTree +-- filename-regex@2.0.0
122 silly idealTree +-- fill-range@2.2.3
122 silly idealTree +-- finalhandler@1.0.0
122 silly idealTree | `-- debug@2.6.1
122 silly idealTree +-- for-in@0.1.6
122 silly idealTree +-- for-own@0.1.4
122 silly idealTree +-- foreach
122 silly idealTree +-- forever-agent
122 silly idealTree +-- form-data
122 silly idealTree +-- forwarded@0.1.0
122 silly idealTree +-- fresh@0.5.0
122 silly idealTree +-- from@0.1.3
122 silly idealTree +-- fs.realpath
122 silly idealTree +-- fsevents@1.0.17
122 silly idealTree | +-- abbrev@1.0.9
122 silly idealTree | +-- ansi-regex@2.0.0
122 silly idealTree | +-- ansi-styles@2.2.1
122 silly idealTree | +-- aproba@1.0.4
122 silly idealTree | +-- are-we-there-yet@1.1.2
122 silly idealTree | +-- asn1@0.2.3
122 silly idealTree | +-- assert-plus@0.2.0
122 silly idealTree | +-- asynckit@0.4.0
122 silly idealTree | +-- aws-sign2@0.6.0
122 silly idealTree | +-- aws4@1.5.0
122 silly idealTree | +-- balanced-match@0.4.2
122 silly idealTree | +-- bcrypt-pbkdf@1.0.0
122 silly idealTree | +-- block-stream@0.0.9
122 silly idealTree | +-- boom@2.10.1
122 silly idealTree | +-- brace-expansion@1.1.6
122 silly idealTree | +-- buffer-shims@1.0.0
122 silly idealTree | +-- caseless@0.11.0
122 silly idealTree | +-- chalk@1.1.3
122 silly idealTree | | `-- supports-color@2.0.0
122 silly idealTree | +-- code-point-at@1.1.0
122 silly idealTree | +-- combined-stream@1.0.5
122 silly idealTree | +-- commander@2.9.0
122 silly idealTree | +-- concat-map@0.0.1
122 silly idealTree | +-- console-control-strings@1.1.0
122 silly idealTree | +-- core-util-is@1.0.2
122 silly idealTree | +-- cryptiles@2.0.5
122 silly idealTree | +-- dashdash@1.14.1
122 silly idealTree | | `-- assert-plus@1.0.0
122 silly idealTree | +-- debug@2.2.0
122 silly idealTree | +-- deep-extend@0.4.1
122 silly idealTree | +-- delayed-stream@1.0.0
122 silly idealTree | +-- delegates@1.0.0
122 silly idealTree | +-- ecc-jsbn@0.1.1
122 silly idealTree | +-- escape-string-regexp@1.0.5
122 silly idealTree | +-- extend@3.0.0
122 silly idealTree | +-- extsprintf@1.0.2
122 silly idealTree | +-- forever-agent@0.6.1
122 silly idealTree | +-- form-data@2.1.2
122 silly idealTree | +-- fs.realpath@1.0.0
122 silly idealTree | +-- fstream-ignore@1.0.5
122 silly idealTree | +-- fstream@1.0.10
122 silly idealTree | +-- gauge@2.7.2
122 silly idealTree | +-- generate-function@2.0.0
122 silly idealTree | +-- generate-object-property@1.2.0
122 silly idealTree | +-- getpass@0.1.6
122 silly idealTree | | `-- assert-plus@1.0.0
122 silly idealTree | +-- glob@7.1.1
122 silly idealTree | +-- graceful-fs@4.1.11
122 silly idealTree | +-- graceful-readlink@1.0.1
122 silly idealTree | +-- har-validator@2.0.6
122 silly idealTree | +-- has-ansi@2.0.0
122 silly idealTree | +-- has-unicode@2.0.1
122 silly idealTree | +-- hawk@3.1.3
122 silly idealTree | +-- hoek@2.16.3
122 silly idealTree | +-- http-signature@1.1.1
122 silly idealTree | +-- inflight@1.0.6
122 silly idealTree | +-- inherits@2.0.3
122 silly idealTree | +-- ini@1.3.4
122 silly idealTree | +-- is-fullwidth-code-point@1.0.0
122 silly idealTree | +-- is-my-json-valid@2.15.0
122 silly idealTree | +-- is-property@1.0.2
122 silly idealTree | +-- is-typedarray@1.0.0
122 silly idealTree | +-- isarray@1.0.0
122 silly idealTree | +-- isstream@0.1.2
122 silly idealTree | +-- jodid25519@1.0.2
122 silly idealTree | +-- jsbn@0.1.0
122 silly idealTree | +-- json-schema@0.2.3
122 silly idealTree | +-- json-stringify-safe@5.0.1
122 silly idealTree | +-- jsonpointer@4.0.1
122 silly idealTree | +-- jsprim@1.3.1
122 silly idealTree | +-- mime-db@1.25.0
122 silly idealTree | +-- mime-types@2.1.13
122 silly idealTree | +-- minimatch@3.0.3
122 silly idealTree | +-- minimist@0.0.8
122 silly idealTree | +-- mkdirp@0.5.1
122 silly idealTree | +-- ms@0.7.1
122 silly idealTree | +-- node-pre-gyp@0.6.32
122 silly idealTree | +-- nopt@3.0.6
122 silly idealTree | +-- npmlog@4.0.2
122 silly idealTree | +-- number-is-nan@1.0.1
122 silly idealTree | +-- oauth-sign@0.8.2
122 silly idealTree | +-- object-assign@4.1.0
122 silly idealTree | +-- once@1.4.0
122 silly idealTree | +-- path-is-absolute@1.0.1
122 silly idealTree | +-- pinkie-promise@2.0.1
122 silly idealTree | +-- pinkie@2.0.4
122 silly idealTree | +-- process-nextick-args@1.0.7
122 silly idealTree | +-- punycode@1.4.1
122 silly idealTree | +-- qs@6.3.0
122 silly idealTree | +-- rc@1.1.6
122 silly idealTree | | `-- minimist@1.2.0
122 silly idealTree | +-- readable-stream@2.2.2
122 silly idealTree | +-- request@2.79.0
122 silly idealTree | +-- rimraf@2.5.4
122 silly idealTree | +-- semver@5.3.0
122 silly idealTree | +-- set-blocking@2.0.0
122 silly idealTree | +-- signal-exit@3.0.2
122 silly idealTree | +-- sntp@1.0.9
122 silly idealTree | +-- sshpk@1.10.1
122 silly idealTree | | `-- assert-plus@1.0.0
122 silly idealTree | +-- string_decoder@0.10.31
122 silly idealTree | +-- string-width@1.0.2
122 silly idealTree | +-- stringstream@0.0.5
122 silly idealTree | +-- strip-ansi@3.0.1
122 silly idealTree | +-- strip-json-comments@1.0.4
122 silly idealTree | +-- supports-color@0.2.0
122 silly idealTree | +-- tar-pack@3.3.0
122 silly idealTree | | +-- once@1.3.3
122 silly idealTree | | `-- readable-stream@2.1.5
122 silly idealTree | +-- tar@2.2.1
122 silly idealTree | +-- tough-cookie@2.3.2
122 silly idealTree | +-- tunnel-agent@0.4.3
122 silly idealTree | +-- tweetnacl@0.14.5
122 silly idealTree | +-- uid-number@0.0.6
122 silly idealTree | +-- util-deprecate@1.0.2
122 silly idealTree | +-- uuid@3.0.1
122 silly idealTree | +-- verror@1.3.6
122 silly idealTree | +-- wide-align@1.1.0
122 silly idealTree | +-- wrappy@1.0.2
122 silly idealTree | `-- xtend@4.0.1
122 silly idealTree +-- fstream
122 silly idealTree +-- fstream-ignore
122 silly idealTree +-- function-bind
122 silly idealTree +-- gauge
122 silly idealTree +-- getpass
122 silly idealTree | `-- assert-plus
122 silly idealTree +-- git@0.1.5
122 silly idealTree | `-- mime@1.2.9
122 silly idealTree +-- glob-base@0.3.0
122 silly idealTree +-- glob-parent@2.0.0
122 silly idealTree +-- glob@7.1.1
122 silly idealTree | +-- fs.realpath@1.0.0
122 silly idealTree | `-- inflight@1.0.6
122 silly idealTree +-- got@3.3.1
122 silly idealTree | `-- object-assign@3.0.0
122 silly idealTree +-- graceful-fs@4.1.11
122 silly idealTree +-- handlebars
122 silly idealTree +-- har-schema
122 silly idealTree +-- har-validator
122 silly idealTree +-- has-ansi@2.0.0
122 silly idealTree +-- has-unicode
122 silly idealTree +-- hawk
122 silly idealTree +-- hoek
122 silly idealTree +-- hooks-fixed@2.0.0
122 silly idealTree +-- http-errors@1.6.1
122 silly idealTree +-- http-signature
122 silly idealTree +-- iconv-lite@0.4.15
122 silly idealTree +-- ignore-by-default@1.0.1
122 silly idealTree +-- imurmurhash@0.1.4
122 silly idealTree +-- infinity-agent@2.0.3
122 silly idealTree +-- inflight
122 silly idealTree +-- inherits@2.0.3
122 silly idealTree +-- ini@1.3.4
122 silly idealTree +-- ipaddr.js@1.2.0
122 silly idealTree +-- is-binary-path@1.0.1
122 silly idealTree +-- is-buffer@1.1.4
122 silly idealTree +-- is-dotfile@1.0.2
122 silly idealTree +-- is-equal-shallow@0.1.3
122 silly idealTree +-- is-extendable@0.1.1
122 silly idealTree +-- is-extglob@1.0.0
122 silly idealTree +-- is-finite@1.0.2
122 silly idealTree +-- is-fullwidth-code-point
122 silly idealTree +-- is-glob@2.0.1
122 silly idealTree +-- is-npm@1.0.0
122 silly idealTree +-- is-number@2.1.0
122 silly idealTree +-- is-posix-bracket@0.1.1
122 silly idealTree +-- is-primitive@2.0.0
122 silly idealTree +-- is-redirect@1.0.0
122 silly idealTree +-- is-stream@1.1.0
122 silly idealTree +-- is-typedarray
122 silly idealTree +-- isarray@1.0.0
122 silly idealTree +-- isemail
122 silly idealTree +-- isobject@2.1.0
122 silly idealTree +-- isstream
122 silly idealTree +-- jodid25519
122 silly idealTree +-- joi
122 silly idealTree | `-- hoek
122 silly idealTree +-- jsbn
122 silly idealTree +-- json-schema
122 silly idealTree +-- json-stable-stringify
122 silly idealTree +-- json-stringify-safe
122 silly idealTree +-- jsonify
122 silly idealTree +-- jsonwebtoken@7.3.0
122 silly idealTree | +-- base64url@2.0.0
122 silly idealTree | +-- buffer-equal-constant-time@1.0.1
122 silly idealTree | +-- ecdsa-sig-formatter@1.0.9
122 silly idealTree | +-- hoek@2.16.3
122 silly idealTree | +-- isemail@1.2.0
122 silly idealTree | +-- joi@6.10.1
122 silly idealTree | +-- jwa@1.1.5
122 silly idealTree | +-- jws@3.1.4
122 silly idealTree | +-- lodash.once@4.1.1
122 silly idealTree | +-- moment@2.18.1
122 silly idealTree | +-- safe-buffer@5.0.1
122 silly idealTree | `-- topo@1.1.0
122 silly idealTree +-- jsprim
122 silly idealTree | `-- assert-plus
122 silly idealTree +-- jwa
122 silly idealTree | `-- safe-buffer
122 silly idealTree +-- jws
122 silly idealTree | `-- safe-buffer
122 silly idealTree +-- jwt@0.2.0
122 silly idealTree +-- kareem@1.2.1
122 silly idealTree +-- kind-of@3.1.0
122 silly idealTree +-- latest-version@1.0.1
122 silly idealTree +-- lazy-cache
122 silly idealTree +-- loadash@0.0.1
122 silly idealTree +-- lodash._baseassign@3.2.0
122 silly idealTree +-- lodash._basecopy@3.0.1
122 silly idealTree +-- lodash._bindcallback@3.0.1
122 silly idealTree +-- lodash._createassigner@3.1.1
122 silly idealTree +-- lodash._getnative@3.9.1
122 silly idealTree +-- lodash._isiterateecall@3.0.9
122 silly idealTree +-- lodash.assign@3.2.0
122 silly idealTree +-- lodash.defaults@3.1.2
122 silly idealTree +-- lodash.isarguments@3.1.0
122 silly idealTree +-- lodash.isarray@3.0.4
122 silly idealTree +-- lodash.keys@3.1.2
122 silly idealTree +-- lodash.once
122 silly idealTree +-- lodash.restparam@3.6.1
122 silly idealTree +-- lodash.set
122 silly idealTree +-- lodash@4.17.4
122 silly idealTree +-- longest
122 silly idealTree +-- lowercase-keys@1.0.0
122 silly idealTree +-- map-stream@0.1.0
122 silly idealTree +-- media-typer@0.3.0
122 silly idealTree +-- merge-descriptors@1.0.1
122 silly idealTree +-- method-override@2.3.7
122 silly idealTree | `-- debug@2.3.3
122 silly idealTree +-- methods@1.1.2
122 silly idealTree +-- micromatch@2.3.11
122 silly idealTree +-- mime-db@1.26.0
122 silly idealTree +-- mime-types@2.1.14
122 silly idealTree +-- mime@1.3.4
122 silly idealTree +-- minimatch@3.0.3
122 silly idealTree +-- minimist@0.0.8
122 silly idealTree +-- mkdirp@0.5.1
122 silly idealTree +-- moment
122 silly idealTree +-- mongodb-core@2.1.9
122 silly idealTree +-- mongodb@2.2.25
122 silly idealTree +-- mongojs@2.4.0
122 silly idealTree +-- mongoose@4.9.1
122 silly idealTree +-- mongoskin@2.1.0
122 silly idealTree +-- morgan@1.8.1
122 silly idealTree | `-- debug@2.6.1
122 silly idealTree +-- mpath@0.2.1
122 silly idealTree +-- mpromise@0.5.5
122 silly idealTree +-- mquery@2.3.0
122 silly idealTree | +-- debug@2.2.0
122 silly idealTree | +-- ms@0.7.1
122 silly idealTree | `-- sliced@0.0.5
122 silly idealTree +-- ms@0.7.2
122 silly idealTree +-- muri@1.2.1
122 silly idealTree +-- nan@2.5.1
122 silly idealTree +-- negotiator@0.6.1
122 silly idealTree +-- nested-error-stacks@1.0.2
122 silly idealTree +-- node-base64@0.0.1
122 silly idealTree +-- node-pre-gyp
122 silly idealTree | `-- nopt
122 silly idealTree +-- nodemailer@3.1.7
122 silly idealTree +-- nodemon@1.11.0
122 silly idealTree +-- nopt@1.0.10
122 silly idealTree +-- normalize-path@2.0.1
122 silly idealTree +-- npmlog
122 silly idealTree +-- number-is-nan@1.0.1
122 silly idealTree +-- oauth-sign
122 silly idealTree +-- object-assign@4.1.1
122 silly idealTree +-- object-keys
122 silly idealTree +-- object.assign
122 silly idealTree +-- object.omit@2.0.1
122 silly idealTree +-- on-finished@2.3.0
122 silly idealTree +-- on-headers@1.0.1
122 silly idealTree +-- once@1.3.3
122 silly idealTree +-- optimist
122 silly idealTree +-- os-homedir@1.0.2
122 silly idealTree +-- os-tmpdir@1.0.2
122 silly idealTree +-- osenv@0.1.4
122 silly idealTree +-- package-json@1.2.0
122 silly idealTree +-- parse-glob@3.0.4
122 silly idealTree +-- parse-mongo-url@1.1.1
122 silly idealTree +-- parseurl@1.3.1
122 silly idealTree +-- passport-http@0.3.0
122 silly idealTree +-- passport-jwt@2.2.1
122 silly idealTree +-- passport-local@1.0.0
122 silly idealTree +-- passport-strategy@1.0.0
122 silly idealTree +-- passport@0.3.2
122 silly idealTree +-- path-is-absolute@1.0.1
122 silly idealTree +-- path-to-regexp@0.1.7
122 silly idealTree +-- pause-stream@0.0.11
122 silly idealTree +-- pause@0.0.1
122 silly idealTree +-- performance-now
122 silly idealTree +-- pinkie-promise@2.0.1
122 silly idealTree +-- pinkie@2.0.4
122 silly idealTree +-- prepend-http@1.0.4
122 silly idealTree +-- preserve@0.2.0
122 silly idealTree +-- process-nextick-args@1.0.7
122 silly idealTree +-- promise
122 silly idealTree +-- proxy-addr@1.1.3
122 silly idealTree +-- ps-tree@1.1.0
122 silly idealTree +-- punycode
122 silly idealTree +-- q@1.5.0
122 silly idealTree +-- qs@6.4.0
122 silly idealTree +-- random-bytes@1.0.0
122 silly idealTree +-- randomatic@1.1.6
122 silly idealTree +-- range-parser@1.2.0
122 silly idealTree +-- raw-body@2.2.0
122 silly idealTree +-- rc@1.1.6
122 silly idealTree | `-- minimist@1.2.0
122 silly idealTree +-- read-all-stream@3.1.0
122 silly idealTree +-- readable-stream@2.1.5
122 silly idealTree +-- readdirp@2.1.0
122 silly idealTree +-- regex-cache@0.4.3
122 silly idealTree +-- regexp-clone@0.0.1
122 silly idealTree +-- registry-url@3.1.0
122 silly idealTree +-- repeat-element@1.1.2
122 silly idealTree +-- repeat-string@1.6.1
122 silly idealTree +-- repeating@1.1.3
122 silly idealTree +-- request@2.81.0
122 silly idealTree | +-- ajv@4.11.5
122 silly idealTree | +-- asn1@0.2.3
122 silly idealTree | +-- assert-plus@0.2.0
122 silly idealTree | +-- asynckit@0.4.0
122 silly idealTree | +-- aws-sign2@0.6.0
122 silly idealTree | +-- aws4@1.6.0
122 silly idealTree | +-- bcrypt-pbkdf@1.0.1
122 silly idealTree | +-- boom@2.10.1
122 silly idealTree | +-- caseless@0.12.0
122 silly idealTree | +-- co@4.6.0
122 silly idealTree | +-- combined-stream@1.0.5
122 silly idealTree | +-- cryptiles@2.0.5
122 silly idealTree | +-- dashdash@1.14.1
122 silly idealTree | | `-- assert-plus@1.0.0
122 silly idealTree | +-- delayed-stream@1.0.0
122 silly idealTree | +-- ecc-jsbn@0.1.1
122 silly idealTree | +-- extend@3.0.0
122 silly idealTree | +-- extsprintf@1.0.2
122 silly idealTree | +-- forever-agent@0.6.1
122 silly idealTree | +-- form-data@2.1.2
122 silly idealTree | +-- getpass@0.1.6
122 silly idealTree | | `-- assert-plus@1.0.0
122 silly idealTree | +-- har-schema@1.0.5
122 silly idealTree | +-- har-validator@4.2.1
122 silly idealTree | +-- hawk@3.1.3
122 silly idealTree | +-- hoek@2.16.3
122 silly idealTree | +-- http-signature@1.1.1
122 silly idealTree | +-- is-typedarray@1.0.0
122 silly idealTree | +-- isstream@0.1.2
122 silly idealTree | +-- jodid25519@1.0.2
122 silly idealTree | +-- jsbn@0.1.1
122 silly idealTree | +-- json-schema@0.2.3
122 silly idealTree | +-- json-stable-stringify@1.0.1
122 silly idealTree | +-- json-stringify-safe@5.0.1
122 silly idealTree | +-- jsonify@0.0.0
122 silly idealTree | +-- jsprim@1.4.0
122 silly idealTree | | `-- assert-plus@1.0.0
122 silly idealTree | +-- oauth-sign@0.8.2
122 silly idealTree | +-- performance-now@0.2.0
122 silly idealTree | +-- punycode@1.4.1
122 silly idealTree | +-- safe-buffer@5.0.1
122 silly idealTree | +-- sntp@1.0.9
122 silly idealTree | +-- sshpk@1.11.0
122 silly idealTree | | `-- assert-plus@1.0.0
122 silly idealTree | +-- stringstream@0.0.5
122 silly idealTree | +-- tough-cookie@2.3.2
122 silly idealTree | +-- tunnel-agent@0.6.0
122 silly idealTree | +-- tweetnacl@0.14.5
122 silly idealTree | +-- uuid@3.0.1
122 silly idealTree | `-- verror@1.3.6
122 silly idealTree +-- require_optional@1.0.0
122 silly idealTree +-- resolve-from@2.0.0
122 silly idealTree +-- right-align
122 silly idealTree +-- rimraf
122 silly idealTree +-- rootpath@0.1.2
122 silly idealTree +-- safe-buffer
122 silly idealTree +-- semver-diff@2.1.0
122 silly idealTree +-- semver@5.3.0
122 silly idealTree +-- send@0.15.1
122 silly idealTree | `-- debug@2.6.1
122 silly idealTree +-- serve-static@1.12.1
122 silly idealTree +-- set-blocking
122 silly idealTree +-- set-immediate-shim@1.0.1
122 silly idealTree +-- setprototypeof@1.0.3
122 silly idealTree +-- signal-exit
122 silly idealTree +-- sliced@1.0.1
122 silly idealTree +-- slide@1.1.6
122 silly idealTree +-- sntp
122 silly idealTree +-- source-map
122 silly idealTree +-- split@0.3.3
122 silly idealTree +-- sshpk
122 silly idealTree | `-- assert-plus
122 silly idealTree +-- statuses@1.3.1
122 silly idealTree +-- stream-combiner@0.0.4
122 silly idealTree +-- stream-shift@1.0.0
122 silly idealTree +-- string_decoder@0.10.31
122 silly idealTree +-- string-length@1.0.1
122 silly idealTree +-- string-width
122 silly idealTree +-- stringstream
122 silly idealTree +-- strip-ansi@3.0.1
122 silly idealTree +-- strip-json-comments@1.0.4
122 silly idealTree +-- supports-color@2.0.0
122 silly idealTree +-- tar
122 silly idealTree +-- tar-pack
122 silly idealTree | +-- debug
122 silly idealTree | `-- ms
122 silly idealTree +-- through@2.3.8
122 silly idealTree +-- thunky@0.1.0
122 silly idealTree +-- timed-out@2.0.0
122 silly idealTree +-- to-mongodb-core@2.0.0
122 silly idealTree +-- topo
122 silly idealTree | `-- hoek
122 silly idealTree +-- touch@1.0.0
122 silly idealTree +-- tough-cookie
122 silly idealTree +-- tunnel-agent
122 silly idealTree +-- tweetnacl
122 silly idealTree +-- type-is@1.6.14
122 silly idealTree +-- uglify-js
122 silly idealTree | `-- source-map
122 silly idealTree +-- uglify-to-browserify
122 silly idealTree +-- uid-number
122 silly idealTree +-- uid-safe@2.1.4
122 silly idealTree +-- undefsafe@0.0.3
122 silly idealTree +-- unpipe@1.0.0
122 silly idealTree +-- update-notifier@0.5.0
122 silly idealTree +-- util-deprecate@1.0.2
122 silly idealTree +-- utils-merge@1.0.0
122 silly idealTree +-- uuid@2.0.3
122 silly idealTree +-- validator
122 silly idealTree +-- vary@1.1.0
122 silly idealTree +-- verror
122 silly idealTree +-- wide-align
122 silly idealTree +-- window-size
122 silly idealTree +-- wordwrap
122 silly idealTree +-- wrappy@1.0.2
122 silly idealTree +-- write-file-atomic@1.3.1
122 silly idealTree +-- xdg-basedir@2.0.0
122 silly idealTree +-- xtend@4.0.1
122 silly idealTree `-- yargs
123 silly generateActionsToTake Starting
124 silly install generateActionsToTake
125 silly generateActionsToTake Finishing
126 silly diffTrees action count 2
127 silly diffTrees add node-base64@0.0.1
128 silly diffTrees add jwt@0.2.0
129 silly decomposeActions action count 16
130 silly decomposeActions fetch node-base64@0.0.1
131 silly decomposeActions extract node-base64@0.0.1
132 silly decomposeActions test node-base64@0.0.1
133 silly decomposeActions preinstall node-base64@0.0.1
134 silly decomposeActions build node-base64@0.0.1
135 silly decomposeActions install node-base64@0.0.1
136 silly decomposeActions postinstall node-base64@0.0.1
137 silly decomposeActions finalize node-base64@0.0.1
138 silly decomposeActions fetch jwt@0.2.0
139 silly decomposeActions extract jwt@0.2.0
140 silly decomposeActions test jwt@0.2.0
141 silly decomposeActions preinstall jwt@0.2.0
142 silly decomposeActions build jwt@0.2.0
143 silly decomposeActions install jwt@0.2.0
144 silly decomposeActions postinstall jwt@0.2.0
145 silly decomposeActions finalize jwt@0.2.0
146 silly executeActions Starting
147 silly install executeActions
148 silly doSerial global-install 0
149 silly doParallel fetch 2
150 verbose correctMkdir C:\Users\Mariana\AppData\Roaming\npm-cache\_locks correctMkdir not in flight; initializing
151 verbose lock using C:\Users\Mariana\AppData\Roaming\npm-cache\_locks\staging-42ff308ea38eae0d.lock for C:\Users\Mariana\Documents\SENIOR_POJECT\Driverless-Car-Website-1.0\Code\node_modules\.staging
152 silly doParallel extract 2
153 silly extract node-base64@0.0.1
154 silly extract jwt@0.2.0
155 verbose unbuild node_modules\.staging\node-base64-fda0c2ac
156 verbose unbuild node_modules\.staging\jwt-bcfc78de
157 silly gentlyRm C:\Users\Mariana\Documents\SENIOR_POJECT\Driverless-Car-Website-1.0\Code\node_modules\.staging\node-base64-fda0c2ac is being purged from base C:\Users\Mariana\Documents\SENIOR_POJECT\Driverless-Car-Website-1.0\Code
158 verbose gentlyRm don't care about contents; nuking C:\Users\Mariana\Documents\SENIOR_POJECT\Driverless-Car-Website-1.0\Code\node_modules\.staging\node-base64-fda0c2ac
159 silly gentlyRm C:\Users\Mariana\Documents\SENIOR_POJECT\Driverless-Car-Website-1.0\Code\node_modules\.staging\jwt-bcfc78de is being purged from base C:\Users\Mariana\Documents\SENIOR_POJECT\Driverless-Car-Website-1.0\Code
160 verbose gentlyRm don't care about contents; nuking C:\Users\Mariana\Documents\SENIOR_POJECT\Driverless-Car-Website-1.0\Code\node_modules\.staging\jwt-bcfc78de
161 verbose tar unpack C:\Users\Mariana\AppData\Roaming\npm-cache\node-base64\0.0.1\package.tgz
162 verbose tar unpacking to C:\Users\Mariana\Documents\SENIOR_POJECT\Driverless-Car-Website-1.0\Code\node_modules\.staging\node-base64-fda0c2ac
163 silly gentlyRm C:\Users\Mariana\Documents\SENIOR_POJECT\Driverless-Car-Website-1.0\Code\node_modules\.staging\node-base64-fda0c2ac is being purged
164 verbose gentlyRm don't care about contents; nuking C:\Users\Mariana\Documents\SENIOR_POJECT\Driverless-Car-Website-1.0\Code\node_modules\.staging\node-base64-fda0c2ac
165 verbose tar unpack C:\Users\Mariana\AppData\Roaming\npm-cache\jwt\0.2.0\package.tgz
166 verbose tar unpacking to C:\Users\Mariana\Documents\SENIOR_POJECT\Driverless-Car-Website-1.0\Code\node_modules\.staging\jwt-bcfc78de
167 silly gentlyRm C:\Users\Mariana\Documents\SENIOR_POJECT\Driverless-Car-Website-1.0\Code\node_modules\.staging\jwt-bcfc78de is being purged
168 verbose gentlyRm don't care about contents; nuking C:\Users\Mariana\Documents\SENIOR_POJECT\Driverless-Car-Website-1.0\Code\node_modules\.staging\jwt-bcfc78de
169 silly gunzTarPerm modes [ '777', '666' ]
170 silly gunzTarPerm modes [ '777', '666' ]
171 silly gunzTarPerm extractEntry
172 silly gunzTarPerm modified mode [ '', 493, 511 ]
173 silly gunzTarPerm extractEntry .npmignore
174 silly gunzTarPerm modified mode [ '.npmignore', 420, 438 ]
175 silly gunzTarPerm extractEntry .gitignore
176 silly gunzTarPerm modified mode [ '.gitignore', 420, 438 ]
177 silly gunzTarPerm extractEntry base64.cc
178 silly gunzTarPerm modified mode [ 'base64.cc', 420, 438 ]
179 silly gunzTarPerm extractEntry install.sh
180 silly gunzTarPerm modified mode [ 'install.sh', 493, 511 ]
181 silly gunzTarPerm extractEntry lib/
182 silly gunzTarPerm modified mode [ 'lib/', 493, 511 ]
183 silly gunzTarPerm extractEntry lib/jwt.js
184 silly gunzTarPerm modified mode [ 'lib/jwt.js', 420, 438 ]
185 silly gunzTarPerm extractEntry js_base64_for_comparsion.js
186 silly gunzTarPerm modified mode [ 'js_base64_for_comparsion.js', 420, 438 ]
187 silly gunzTarPerm extractEntry makefile
188 silly gunzTarPerm modified mode [ 'makefile', 420, 438 ]
189 silly gunzTarPerm extractEntry package.json
190 silly gunzTarPerm modified mode [ 'package.json', 420, 438 ]
191 silly gunzTarPerm extractEntry README.md
192 silly gunzTarPerm modified mode [ 'README.md', 420, 438 ]
193 silly gunzTarPerm extractEntry package.json
194 silly gunzTarPerm modified mode [ 'package.json', 420, 438 ]
195 silly gunzTarPerm extractEntry README.md
196 silly gunzTarPerm modified mode [ 'README.md', 420, 438 ]
197 silly gunzTarPerm extractEntry test.js
198 silly gunzTarPerm modified mode [ 'test.js', 420, 438 ]
199 silly gunzTarPerm extractEntry test.php
200 silly gunzTarPerm modified mode [ 'test.php', 420, 438 ]
201 silly gunzTarPerm extractEntry wscript
202 silly gunzTarPerm modified mode [ 'wscript', 493, 511 ]
203 silly gentlyRm C:\Users\Mariana\Documents\SENIOR_POJECT\Driverless-Car-Website-1.0\Code\node_modules\.staging\jwt-bcfc78de\node_modules is being purged
204 verbose gentlyRm don't care about contents; nuking C:\Users\Mariana\Documents\SENIOR_POJECT\Driverless-Car-Website-1.0\Code\node_modules\.staging\jwt-bcfc78de\node_modules
205 silly gentlyRm C:\Users\Mariana\Documents\SENIOR_POJECT\Driverless-Car-Website-1.0\Code\node_modules\.staging\node-base64-fda0c2ac\node_modules is being purged
206 verbose gentlyRm don't care about contents; nuking C:\Users\Mariana\Documents\SENIOR_POJECT\Driverless-Car-Website-1.0\Code\node_modules\.staging\node-base64-fda0c2ac\node_modules
207 silly doParallel preinstall 2
208 silly preinstall node-base64@0.0.1 C:\Users\Mariana\Documents\SENIOR_POJECT\Driverless-Car-Website-1.0\Code\node_modules\.staging\node-base64-fda0c2ac
209 info lifecycle node-base64@0.0.1~preinstall: node-base64@0.0.1
210 silly preinstall jwt@0.2.0 C:\Users\Mariana\Documents\SENIOR_POJECT\Driverless-Car-Website-1.0\Code\node_modules\.staging\jwt-bcfc78de
211 info lifecycle jwt@0.2.0~preinstall: jwt@0.2.0
212 silly lifecycle node-base64@0.0.1~preinstall: no script for preinstall, continuing
213 silly lifecycle jwt@0.2.0~preinstall: no script for preinstall, continuing
214 silly doReverseSerial remove 0
215 silly doSerial move 0
216 silly doSerial finalize 2
217 silly finalize C:\Users\Mariana\Documents\SENIOR_POJECT\Driverless-Car-Website-1.0\Code\node_modules\node-base64
218 silly finalize C:\Users\Mariana\Documents\SENIOR_POJECT\Driverless-Car-Website-1.0\Code\node_modules\jwt
219 silly doSerial build 2
220 silly build node-base64@0.0.1
221 info linkStuff node-base64@0.0.1
222 silly linkStuff node-base64@0.0.1 has C:\Users\Mariana\Documents\SENIOR_POJECT\Driverless-Car-Website-1.0\Code\node_modules as its parent node_modules
223 verbose linkBins node-base64@0.0.1
224 verbose linkMans node-base64@0.0.1
225 silly build jwt@0.2.0
226 info linkStuff jwt@0.2.0
227 silly linkStuff jwt@0.2.0 has C:\Users\Mariana\Documents\SENIOR_POJECT\Driverless-Car-Website-1.0\Code\node_modules as its parent node_modules
228 verbose linkBins jwt@0.2.0
229 verbose linkMans jwt@0.2.0
230 silly doSerial global-link 0
231 silly doParallel update-linked 0
232 silly doSerial install 2
233 silly install node-base64@0.0.1 C:\Users\Mariana\Documents\SENIOR_POJECT\Driverless-Car-Website-1.0\Code\node_modules\.staging\node-base64-fda0c2ac
234 info lifecycle node-base64@0.0.1~install: node-base64@0.0.1
235 verbose lifecycle node-base64@0.0.1~install: unsafe-perm in lifecycle true
236 verbose lifecycle node-base64@0.0.1~install: PATH: C:\Users\Mariana\AppData\Roaming\npm\node_modules\npm\bin\node-gyp-bin;C:\Users\Mariana\Documents\SENIOR_POJECT\Driverless-Car-Website-1.0\Code\node_modules\node-base64\node_modules\.bin;C:\Users\Mariana\Documents\SENIOR_POJECT\Driverless-Car-Website-1.0\Code\node_modules\.bin;C:\Program Files\nodejs;C:\MinGW\bin;C:\MinGW\libexec\gcc\x86_64-pc-mingw32\4.8.2;C:\ProgramData\Oracle\Java\javapath;C:\WINDOWS\system32;C:\WINDOWS;C:\WINDOWS\System32\Wbem;C:\WINDOWS\System32\WindowsPowerShell\v1.0\;C:\WINDOWS\system32\config\systemprofile\.dnx\bin;C:\Program Files\Microsoft DNX\Dnvm\;C:\Users\Mariana\workspace\cobertura-2.1.1;C:\Program Files (x86)\BaseX\bin;C:\Program Files (x86)\Brackets\command;C:\Program Files\Java\jdk1.8.0_111\bin;C:\Program Files\Microsoft SQL Server\Client SDK\ODBC\110\Tools\Binn\;C:\Program Files (x86)\Microsoft SQL Server\120\Tools\Binn\;C:\Program Files\Microsoft SQL Server\120\Tools\Binn\;C:\Program Files\Microsoft SQL Server\120\DTS\Binn\;C:\Program Files (x86)\Microsoft SQL Server\120\Tools\Binn\ManagementStudio\;C:\Program Files (x86)\Microsoft SQL Server\120\DTS\Binn\;C:\Program Files (x86)\Microsoft SQL Server\110\Tools\Binn\;C:\Program Files\Microsoft SQL Server\110\Tools\Binn\;C:\Program Files\Microsoft SQL Server\110\DTS\Binn\;C:\Program Files (x86)\Microsoft SQL Server\110\Tools\Binn\ManagementStudio\;C:\Program Files (x86)\Microsoft SQL Server\110\DTS\Binn\;C:\Program Files\Microsoft SQL Server\130\Tools\Binn\;C:\Program Files\nodejs\;C:\Program Files\Git\cmd;C:\Program Files\Git\bin;C:\Program Files\MongoDB\Server\3.2\bin;C:\Program Files\nodejs;C:\Users\Mariana\AppData\Local\Microsoft\WindowsApps;c:\spark\bin;C:\Program Files\Java\jre1.8.0_101\bin;C:\Users\Mariana\AppData\Local\atom\bin;C:\Program Files\Docker Toolbox;C:\Program Files (x86)\Microsoft VS Code\bin;C:\Users\Mariana\AppData\Roaming\npm;C:\Program Files\Git\bin
237 verbose lifecycle node-base64@0.0.1~install: CWD: C:\Users\Mariana\Documents\SENIOR_POJECT\Driverless-Car-Website-1.0\Code\node_modules\node-base64
238 silly lifecycle node-base64@0.0.1~install: Args: [ '/d /s /c', './install.sh' ]
239 silly lifecycle node-base64@0.0.1~install: Returned: code: 1  signal: null
240 info lifecycle node-base64@0.0.1~install: Failed to exec install script
241 verbose unlock done using C:\Users\Mariana\AppData\Roaming\npm-cache\_locks\staging-42ff308ea38eae0d.lock for C:\Users\Mariana\Documents\SENIOR_POJECT\Driverless-Car-Website-1.0\Code\node_modules\.staging
242 silly rollbackFailedOptional Starting
243 silly rollbackFailedOptional Finishing
244 silly runTopLevelLifecycles Starting
245 silly runTopLevelLifecycles Finishing
246 silly install printInstalled
247 warn enoent ENOENT: no such file or directory, open 'C:\Users\Mariana\Documents\SENIOR_POJECT\Driverless-Car-Website-1.0\Code\node_modules\@types\express\package.json'
248 warn enoent ENOENT: no such file or directory, open 'C:\Users\Mariana\Documents\SENIOR_POJECT\Driverless-Car-Website-1.0\Code\node_modules\@types\bluebird\package.json'
249 warn enoent ENOENT: no such file or directory, open 'C:\Users\Mariana\Documents\SENIOR_POJECT\Driverless-Car-Website-1.0\Code\node_modules\@types\express-serve-static-core\package.json'
250 warn enoent ENOENT: no such file or directory, open 'C:\Users\Mariana\Documents\SENIOR_POJECT\Driverless-Car-Website-1.0\Code\node_modules\@types\mime\package.json'
251 warn enoent ENOENT: no such file or directory, open 'C:\Users\Mariana\Documents\SENIOR_POJECT\Driverless-Car-Website-1.0\Code\node_modules\@types\node\package.json'
252 warn enoent ENOENT: no such file or directory, open 'C:\Users\Mariana\Documents\SENIOR_POJECT\Driverless-Car-Website-1.0\Code\node_modules\@types\serve-static\package.json'
253 warn enoent ENOENT: no such file or directory, open 'C:\Users\Mariana\Documents\SENIOR_POJECT\Driverless-Car-Website-1.0\Code\node_modules\ajv\package.json'
254 warn enoent ENOENT: no such file or directory, open 'C:\Users\Mariana\Documents\SENIOR_POJECT\Driverless-Car-Website-1.0\Code\node_modules\align-text\package.json'
255 warn enoent ENOENT: no such file or directory, open 'C:\Users\Mariana\Documents\SENIOR_POJECT\Driverless-Car-Website-1.0\Code\node_modules\amdefine\package.json'
256 warn enoent ENOENT: no such file or directory, open 'C:\Users\Mariana\Documents\SENIOR_POJECT\Driverless-Car-Website-1.0\Code\node_modules\aproba\package.json'
257 warn enoent ENOENT: no such file or directory, open 'C:\Users\Mariana\Documents\SENIOR_POJECT\Driverless-Car-Website-1.0\Code\node_modules\are-we-there-yet\package.json'
258 warn enoent ENOENT: no such file or directory, open 'C:\Users\Mariana\Documents\SENIOR_POJECT\Driverless-Car-Website-1.0\Code\node_modules\asap\package.json'
259 warn enoent ENOENT: no such file or directory, open 'C:\Users\Mariana\Documents\SENIOR_POJECT\Driverless-Car-Website-1.0\Code\node_modules\asn1\package.json'
260 warn enoent ENOENT: no such file or directory, open 'C:\Users\Mariana\Documents\SENIOR_POJECT\Driverless-Car-Website-1.0\Code\node_modules\assert-plus\package.json'
261 warn enoent ENOENT: no such file or directory, open 'C:\Users\Mariana\Documents\SENIOR_POJECT\Driverless-Car-Website-1.0\Code\node_modules\asynckit\package.json'
262 warn enoent ENOENT: no such file or directory, open 'C:\Users\Mariana\Documents\SENIOR_POJECT\Driverless-Car-Website-1.0\Code\node_modules\aws-sign2\package.json'
263 warn enoent ENOENT: no such file or directory, open 'C:\Users\Mariana\Documents\SENIOR_POJECT\Driverless-Car-Website-1.0\Code\node_modules\aws4\package.json'
264 warn enoent ENOENT: no such file or directory, open 'C:\Users\Mariana\Documents\SENIOR_POJECT\Driverless-Car-Website-1.0\Code\node_modules\base64url\package.json'
265 warn enoent ENOENT: no such file or directory, open 'C:\Users\Mariana\Documents\SENIOR_POJECT\Driverless-Car-Website-1.0\Code\node_modules\bcrypt\package.json'
266 warn enoent ENOENT: no such file or directory, open 'C:\Users\Mariana\Documents\SENIOR_POJECT\Driverless-Car-Website-1.0\Code\node_modules\bcrypt-pbkdf\package.json'
267 warn enoent ENOENT: no such file or directory, open 'C:\Users\Mariana\Documents\SENIOR_POJECT\Driverless-Car-Website-1.0\Code\node_modules\bindings\package.json'
268 warn enoent ENOENT: no such file or directory, open 'C:\Users\Mariana\Documents\SENIOR_POJECT\Driverless-Car-Website-1.0\Code\node_modules\block-stream\package.json'
269 warn enoent ENOENT: no such file or directory, open 'C:\Users\Mariana\Documents\SENIOR_POJECT\Driverless-Car-Website-1.0\Code\node_modules\boom\package.json'
270 warn enoent ENOENT: no such file or directory, open 'C:\Users\Mariana\Documents\SENIOR_POJECT\Driverless-Car-Website-1.0\Code\node_modules\buffer-equal-constant-time\package.json'
271 warn enoent ENOENT: no such file or directory, open 'C:\Users\Mariana\Documents\SENIOR_POJECT\Driverless-Car-Website-1.0\Code\node_modules\camelcase\package.json'
272 warn enoent ENOENT: no such file or directory, open 'C:\Users\Mariana\Documents\SENIOR_POJECT\Driverless-Car-Website-1.0\Code\node_modules\caseless\package.json'
273 warn enoent ENOENT: no such file or directory, open 'C:\Users\Mariana\Documents\SENIOR_POJECT\Driverless-Car-Website-1.0\Code\node_modules\center-align\package.json'
274 warn enoent ENOENT: no such file or directory, open 'C:\Users\Mariana\Documents\SENIOR_POJECT\Driverless-Car-Website-1.0\Code\node_modules\cliui\package.json'
275 warn enoent ENOENT: no such file or directory, open 'C:\Users\Mariana\Documents\SENIOR_POJECT\Driverless-Car-Website-1.0\Code\node_modules\co\package.json'
276 warn enoent ENOENT: no such file or directory, open 'C:\Users\Mariana\Documents\SENIOR_POJECT\Driverless-Car-Website-1.0\Code\node_modules\code-point-at\package.json'
277 warn enoent ENOENT: no such file or directory, open 'C:\Users\Mariana\Documents\SENIOR_POJECT\Driverless-Car-Website-1.0\Code\node_modules\combined-stream\package.json'
278 warn enoent ENOENT: no such file or directory, open 'C:\Users\Mariana\Documents\SENIOR_POJECT\Driverless-Car-Website-1.0\Code\node_modules\console-control-strings\package.json'
279 warn enoent ENOENT: no such file or directory, open 'C:\Users\Mariana\Documents\SENIOR_POJECT\Driverless-Car-Website-1.0\Code\node_modules\cryptiles\package.json'
280 warn enoent ENOENT: no such file or directory, open 'C:\Users\Mariana\Documents\SENIOR_POJECT\Driverless-Car-Website-1.0\Code\node_modules\dashdash\package.json'
281 warn enoent ENOENT: no such file or directory, open 'C:\Users\Mariana\Documents\SENIOR_POJECT\Driverless-Car-Website-1.0\Code\node_modules\decamelize\package.json'
282 warn enoent ENOENT: no such file or directory, open 'C:\Users\Mariana\Documents\SENIOR_POJECT\Driverless-Car-Website-1.0\Code\node_modules\define-properties\package.json'
283 warn enoent ENOENT: no such file or directory, open 'C:\Users\Mariana\Documents\SENIOR_POJECT\Driverless-Car-Website-1.0\Code\node_modules\delayed-stream\package.json'
284 warn enoent ENOENT: no such file or directory, open 'C:\Users\Mariana\Documents\SENIOR_POJECT\Driverless-Car-Website-1.0\Code\node_modules\delegates\package.json'
285 warn enoent ENOENT: no such file or directory, open 'C:\Users\Mariana\Documents\SENIOR_POJECT\Driverless-Car-Website-1.0\Code\node_modules\ecc-jsbn\package.json'
286 warn enoent ENOENT: no such file or directory, open 'C:\Users\Mariana\Documents\SENIOR_POJECT\Driverless-Car-Website-1.0\Code\node_modules\ecdsa-sig-formatter\package.json'
287 warn enoent ENOENT: no such file or directory, open 'C:\Users\Mariana\Documents\SENIOR_POJECT\Driverless-Car-Website-1.0\Code\node_modules\express-unless\package.json'
288 warn enoent ENOENT: no such file or directory, open 'C:\Users\Mariana\Documents\SENIOR_POJECT\Driverless-Car-Website-1.0\Code\node_modules\extend\package.json'
289 warn enoent ENOENT: no such file or directory, open 'C:\Users\Mariana\Documents\SENIOR_POJECT\Driverless-Car-Website-1.0\Code\node_modules\extsprintf\package.json'
290 warn enoent ENOENT: no such file or directory, open 'C:\Users\Mariana\Documents\SENIOR_POJECT\Driverless-Car-Website-1.0\Code\node_modules\foreach\package.json'
291 warn enoent ENOENT: no such file or directory, open 'C:\Users\Mariana\Documents\SENIOR_POJECT\Driverless-Car-Website-1.0\Code\node_modules\forever-agent\package.json'
292 warn enoent ENOENT: no such file or directory, open 'C:\Users\Mariana\Documents\SENIOR_POJECT\Driverless-Car-Website-1.0\Code\node_modules\form-data\package.json'
293 warn enoent ENOENT: no such file or directory, open 'C:\Users\Mariana\Documents\SENIOR_POJECT\Driverless-Car-Website-1.0\Code\node_modules\fs.realpath\package.json'
294 warn enoent ENOENT: no such file or directory, open 'C:\Users\Mariana\Documents\SENIOR_POJECT\Driverless-Car-Website-1.0\Code\node_modules\fstream\package.json'
295 warn enoent ENOENT: no such file or directory, open 'C:\Users\Mariana\Documents\SENIOR_POJECT\Driverless-Car-Website-1.0\Code\node_modules\fstream-ignore\package.json'
296 warn enoent ENOENT: no such file or directory, open 'C:\Users\Mariana\Documents\SENIOR_POJECT\Driverless-Car-Website-1.0\Code\node_modules\function-bind\package.json'
297 warn enoent ENOENT: no such file or directory, open 'C:\Users\Mariana\Documents\SENIOR_POJECT\Driverless-Car-Website-1.0\Code\node_modules\gauge\package.json'
298 warn enoent ENOENT: no such file or directory, open 'C:\Users\Mariana\Documents\SENIOR_POJECT\Driverless-Car-Website-1.0\Code\node_modules\getpass\package.json'
299 warn enoent ENOENT: no such file or directory, open 'C:\Users\Mariana\Documents\SENIOR_POJECT\Driverless-Car-Website-1.0\Code\node_modules\handlebars\package.json'
300 warn enoent ENOENT: no such file or directory, open 'C:\Users\Mariana\Documents\SENIOR_POJECT\Driverless-Car-Website-1.0\Code\node_modules\har-schema\package.json'
301 warn enoent ENOENT: no such file or directory, open 'C:\Users\Mariana\Documents\SENIOR_POJECT\Driverless-Car-Website-1.0\Code\node_modules\har-validator\package.json'
302 warn enoent ENOENT: no such file or directory, open 'C:\Users\Mariana\Documents\SENIOR_POJECT\Driverless-Car-Website-1.0\Code\node_modules\has-unicode\package.json'
303 warn enoent ENOENT: no such file or directory, open 'C:\Users\Mariana\Documents\SENIOR_POJECT\Driverless-Car-Website-1.0\Code\node_modules\hawk\package.json'
304 warn enoent ENOENT: no such file or directory, open 'C:\Users\Mariana\Documents\SENIOR_POJECT\Driverless-Car-Website-1.0\Code\node_modules\hoek\package.json'
305 warn enoent ENOENT: no such file or directory, open 'C:\Users\Mariana\Documents\SENIOR_POJECT\Driverless-Car-Website-1.0\Code\node_modules\http-signature\package.json'
306 warn enoent ENOENT: no such file or directory, open 'C:\Users\Mariana\Documents\SENIOR_POJECT\Driverless-Car-Website-1.0\Code\node_modules\inflight\package.json'
307 warn enoent ENOENT: no such file or directory, open 'C:\Users\Mariana\Documents\SENIOR_POJECT\Driverless-Car-Website-1.0\Code\node_modules\is-fullwidth-code-point\package.json'
308 warn enoent ENOENT: no such file or directory, open 'C:\Users\Mariana\Documents\SENIOR_POJECT\Driverless-Car-Website-1.0\Code\node_modules\is-typedarray\package.json'
309 warn enoent ENOENT: no such file or directory, open 'C:\Users\Mariana\Documents\SENIOR_POJECT\Driverless-Car-Website-1.0\Code\node_modules\isemail\package.json'
310 warn enoent ENOENT: no such file or directory, open 'C:\Users\Mariana\Documents\SENIOR_POJECT\Driverless-Car-Website-1.0\Code\node_modules\isstream\package.json'
311 warn enoent ENOENT: no such file or directory, open 'C:\Users\Mariana\Documents\SENIOR_POJECT\Driverless-Car-Website-1.0\Code\node_modules\jodid25519\package.json'
312 warn enoent ENOENT: no such file or directory, open 'C:\Users\Mariana\Documents\SENIOR_POJECT\Driverless-Car-Website-1.0\Code\node_modules\joi\package.json'
313 warn enoent ENOENT: no such file or directory, open 'C:\Users\Mariana\Documents\SENIOR_POJECT\Driverless-Car-Website-1.0\Code\node_modules\jsbn\package.json'
314 warn enoent ENOENT: no such file or directory, open 'C:\Users\Mariana\Documents\SENIOR_POJECT\Driverless-Car-Website-1.0\Code\node_modules\json-schema\package.json'
315 warn enoent ENOENT: no such file or directory, open 'C:\Users\Mariana\Documents\SENIOR_POJECT\Driverless-Car-Website-1.0\Code\node_modules\json-stable-stringify\package.json'
316 warn enoent ENOENT: no such file or directory, open 'C:\Users\Mariana\Documents\SENIOR_POJECT\Driverless-Car-Website-1.0\Code\node_modules\json-stringify-safe\package.json'
317 warn enoent ENOENT: no such file or directory, open 'C:\Users\Mariana\Documents\SENIOR_POJECT\Driverless-Car-Website-1.0\Code\node_modules\jsonify\package.json'
318 warn enoent ENOENT: no such file or directory, open 'C:\Users\Mariana\Documents\SENIOR_POJECT\Driverless-Car-Website-1.0\Code\node_modules\jsprim\package.json'
319 warn enoent ENOENT: no such file or directory, open 'C:\Users\Mariana\Documents\SENIOR_POJECT\Driverless-Car-Website-1.0\Code\node_modules\jwa\package.json'
320 warn enoent ENOENT: no such file or directory, open 'C:\Users\Mariana\Documents\SENIOR_POJECT\Driverless-Car-Website-1.0\Code\node_modules\jws\package.json'
321 warn enoent ENOENT: no such file or directory, open 'C:\Users\Mariana\Documents\SENIOR_POJECT\Driverless-Car-Website-1.0\Code\node_modules\lazy-cache\package.json'
322 warn enoent ENOENT: no such file or directory, open 'C:\Users\Mariana\Documents\SENIOR_POJECT\Driverless-Car-Website-1.0\Code\node_modules\lodash.once\package.json'
323 warn enoent ENOENT: no such file or directory, open 'C:\Users\Mariana\Documents\SENIOR_POJECT\Driverless-Car-Website-1.0\Code\node_modules\lodash.set\package.json'
324 warn enoent ENOENT: no such file or directory, open 'C:\Users\Mariana\Documents\SENIOR_POJECT\Driverless-Car-Website-1.0\Code\node_modules\longest\package.json'
325 warn enoent ENOENT: no such file or directory, open 'C:\Users\Mariana\Documents\SENIOR_POJECT\Driverless-Car-Website-1.0\Code\node_modules\moment\package.json'
326 warn enoent ENOENT: no such file or directory, open 'C:\Users\Mariana\Documents\SENIOR_POJECT\Driverless-Car-Website-1.0\Code\node_modules\node-pre-gyp\package.json'
327 warn enoent ENOENT: no such file or directory, open 'C:\Users\Mariana\Documents\SENIOR_POJECT\Driverless-Car-Website-1.0\Code\node_modules\npmlog\package.json'
328 warn enoent ENOENT: no such file or directory, open 'C:\Users\Mariana\Documents\SENIOR_POJECT\Driverless-Car-Website-1.0\Code\node_modules\oauth-sign\package.json'
329 warn enoent ENOENT: no such file or directory, open 'C:\Users\Mariana\Documents\SENIOR_POJECT\Driverless-Car-Website-1.0\Code\node_modules\object-keys\package.json'
330 warn enoent ENOENT: no such file or directory, open 'C:\Users\Mariana\Documents\SENIOR_POJECT\Driverless-Car-Website-1.0\Code\node_modules\object.assign\package.json'
331 warn enoent ENOENT: no such file or directory, open 'C:\Users\Mariana\Documents\SENIOR_POJECT\Driverless-Car-Website-1.0\Code\node_modules\optimist\package.json'
332 warn enoent ENOENT: no such file or directory, open 'C:\Users\Mariana\Documents\SENIOR_POJECT\Driverless-Car-Website-1.0\Code\node_modules\performance-now\package.json'
333 warn enoent ENOENT: no such file or directory, open 'C:\Users\Mariana\Documents\SENIOR_POJECT\Driverless-Car-Website-1.0\Code\node_modules\promise\package.json'
334 warn enoent ENOENT: no such file or directory, open 'C:\Users\Mariana\Documents\SENIOR_POJECT\Driverless-Car-Website-1.0\Code\node_modules\punycode\package.json'
335 warn enoent ENOENT: no such file or directory, open 'C:\Users\Mariana\Documents\SENIOR_POJECT\Driverless-Car-Website-1.0\Code\node_modules\right-align\package.json'
336 warn enoent ENOENT: no such file or directory, open 'C:\Users\Mariana\Documents\SENIOR_POJECT\Driverless-Car-Website-1.0\Code\node_modules\rimraf\package.json'
337 warn enoent ENOENT: no such file or directory, open 'C:\Users\Mariana\Documents\SENIOR_POJECT\Driverless-Car-Website-1.0\Code\node_modules\safe-buffer\package.json'
338 warn enoent ENOENT: no such file or directory, open 'C:\Users\Mariana\Documents\SENIOR_POJECT\Driverless-Car-Website-1.0\Code\node_modules\set-blocking\package.json'
339 warn enoent ENOENT: no such file or directory, open 'C:\Users\Mariana\Documents\SENIOR_POJECT\Driverless-Car-Website-1.0\Code\node_modules\signal-exit\package.json'
340 warn enoent ENOENT: no such file or directory, open 'C:\Users\Mariana\Documents\SENIOR_POJECT\Driverless-Car-Website-1.0\Code\node_modules\sntp\package.json'
341 warn enoent ENOENT: no such file or directory, open 'C:\Users\Mariana\Documents\SENIOR_POJECT\Driverless-Car-Website-1.0\Code\node_modules\source-map\package.json'
342 warn enoent ENOENT: no such file or directory, open 'C:\Users\Mariana\Documents\SENIOR_POJECT\Driverless-Car-Website-1.0\Code\node_modules\sshpk\package.json'
343 warn enoent ENOENT: no such file or directory, open 'C:\Users\Mariana\Documents\SENIOR_POJECT\Driverless-Car-Website-1.0\Code\node_modules\string-width\package.json'
344 warn enoent ENOENT: no such file or directory, open 'C:\Users\Mariana\Documents\SENIOR_POJECT\Driverless-Car-Website-1.0\Code\node_modules\stringstream\package.json'
345 warn enoent ENOENT: no such file or directory, open 'C:\Users\Mariana\Documents\SENIOR_POJECT\Driverless-Car-Website-1.0\Code\node_modules\tar\package.json'
346 warn enoent ENOENT: no such file or directory, open 'C:\Users\Mariana\Documents\SENIOR_POJECT\Driverless-Car-Website-1.0\Code\node_modules\tar-pack\package.json'
347 warn enoent ENOENT: no such file or directory, open 'C:\Users\Mariana\Documents\SENIOR_POJECT\Driverless-Car-Website-1.0\Code\node_modules\topo\package.json'
348 warn enoent ENOENT: no such file or directory, open 'C:\Users\Mariana\Documents\SENIOR_POJECT\Driverless-Car-Website-1.0\Code\node_modules\tough-cookie\package.json'
349 warn enoent ENOENT: no such file or directory, open 'C:\Users\Mariana\Documents\SENIOR_POJECT\Driverless-Car-Website-1.0\Code\node_modules\tunnel-agent\package.json'
350 warn enoent ENOENT: no such file or directory, open 'C:\Users\Mariana\Documents\SENIOR_POJECT\Driverless-Car-Website-1.0\Code\node_modules\tweetnacl\package.json'
351 warn enoent ENOENT: no such file or directory, open 'C:\Users\Mariana\Documents\SENIOR_POJECT\Driverless-Car-Website-1.0\Code\node_modules\uglify-js\package.json'
352 warn enoent ENOENT: no such file or directory, open 'C:\Users\Mariana\Documents\SENIOR_POJECT\Driverless-Car-Website-1.0\Code\node_modules\uglify-to-browserify\package.json'
353 warn enoent ENOENT: no such file or directory, open 'C:\Users\Mariana\Documents\SENIOR_POJECT\Driverless-Car-Website-1.0\Code\node_modules\uid-number\package.json'
354 warn enoent ENOENT: no such file or directory, open 'C:\Users\Mariana\Documents\SENIOR_POJECT\Driverless-Car-Website-1.0\Code\node_modules\validator\package.json'
355 warn enoent ENOENT: no such file or directory, open 'C:\Users\Mariana\Documents\SENIOR_POJECT\Driverless-Car-Website-1.0\Code\node_modules\verror\package.json'
356 warn enoent ENOENT: no such file or directory, open 'C:\Users\Mariana\Documents\SENIOR_POJECT\Driverless-Car-Website-1.0\Code\node_modules\wide-align\package.json'
357 warn enoent ENOENT: no such file or directory, open 'C:\Users\Mariana\Documents\SENIOR_POJECT\Driverless-Car-Website-1.0\Code\node_modules\window-size\package.json'
358 warn enoent ENOENT: no such file or directory, open 'C:\Users\Mariana\Documents\SENIOR_POJECT\Driverless-Car-Website-1.0\Code\node_modules\wordwrap\package.json'
359 warn enoent ENOENT: no such file or directory, open 'C:\Users\Mariana\Documents\SENIOR_POJECT\Driverless-Car-Website-1.0\Code\node_modules\yargs\package.json'
360 warn enoent ENOENT: no such file or directory, open 'C:\Users\Mariana\Documents\SENIOR_POJECT\Driverless-Car-Website-1.0\Code\node_modules\cliui\node_modules\wordwrap\package.json'
361 warn enoent ENOENT: no such file or directory, open 'C:\Users\Mariana\Documents\SENIOR_POJECT\Driverless-Car-Website-1.0\Code\node_modules\dashdash\node_modules\assert-plus\package.json'
362 warn enoent ENOENT: no such file or directory, open 'C:\Users\Mariana\Documents\SENIOR_POJECT\Driverless-Car-Website-1.0\Code\node_modules\bcrypt\node_modules\nan\package.json'
363 warn enoent ENOENT: no such file or directory, open 'C:\Users\Mariana\Documents\SENIOR_POJECT\Driverless-Car-Website-1.0\Code\node_modules\ecdsa-sig-formatter\node_modules\safe-buffer\package.json'
364 warn enoent ENOENT: no such file or directory, open 'C:\Users\Mariana\Documents\SENIOR_POJECT\Driverless-Car-Website-1.0\Code\node_modules\getpass\node_modules\assert-plus\package.json'
365 warn enoent ENOENT: no such file or directory, open 'C:\Users\Mariana\Documents\SENIOR_POJECT\Driverless-Car-Website-1.0\Code\node_modules\jsprim\node_modules\assert-plus\package.json'
366 warn enoent ENOENT: no such file or directory, open 'C:\Users\Mariana\Documents\SENIOR_POJECT\Driverless-Car-Website-1.0\Code\node_modules\joi\node_modules\hoek\package.json'
367 warn enoent ENOENT: no such file or directory, open 'C:\Users\Mariana\Documents\SENIOR_POJECT\Driverless-Car-Website-1.0\Code\node_modules\jwa\node_modules\safe-buffer\package.json'
368 warn enoent ENOENT: no such file or directory, open 'C:\Users\Mariana\Documents\SENIOR_POJECT\Driverless-Car-Website-1.0\Code\node_modules\jws\node_modules\safe-buffer\package.json'
369 warn enoent ENOENT: no such file or directory, open 'C:\Users\Mariana\Documents\SENIOR_POJECT\Driverless-Car-Website-1.0\Code\node_modules\sshpk\node_modules\assert-plus\package.json'
370 warn enoent ENOENT: no such file or directory, open 'C:\Users\Mariana\Documents\SENIOR_POJECT\Driverless-Car-Website-1.0\Code\node_modules\node-pre-gyp\node_modules\nopt\package.json'
371 warn enoent ENOENT: no such file or directory, open 'C:\Users\Mariana\Documents\SENIOR_POJECT\Driverless-Car-Website-1.0\Code\node_modules\tar-pack\node_modules\debug\package.json'
372 warn enoent ENOENT: no such file or directory, open 'C:\Users\Mariana\Documents\SENIOR_POJECT\Driverless-Car-Website-1.0\Code\node_modules\tar-pack\node_modules\ms\package.json'
373 warn enoent ENOENT: no such file or directory, open 'C:\Users\Mariana\Documents\SENIOR_POJECT\Driverless-Car-Website-1.0\Code\node_modules\topo\node_modules\hoek\package.json'
374 warn enoent ENOENT: no such file or directory, open 'C:\Users\Mariana\Documents\SENIOR_POJECT\Driverless-Car-Website-1.0\Code\node_modules\uglify-js\node_modules\source-map\package.json'
375 warn mean-app@1.0.0 No repository field.
376 verbose stack Error: node-base64@0.0.1 install: `./install.sh`
376 verbose stack Exit status 1
376 verbose stack     at EventEmitter.<anonymous> (C:\Users\Mariana\AppData\Roaming\npm\node_modules\npm\lib\utils\lifecycle.js:242:16)
376 verbose stack     at emitTwo (events.js:106:13)
376 verbose stack     at EventEmitter.emit (events.js:191:7)
376 verbose stack     at ChildProcess.<anonymous> (C:\Users\Mariana\AppData\Roaming\npm\node_modules\npm\lib\utils\spawn.js:40:14)
376 verbose stack     at emitTwo (events.js:106:13)
376 verbose stack     at ChildProcess.emit (events.js:191:7)
376 verbose stack     at maybeClose (internal/child_process.js:877:16)
376 verbose stack     at Process.ChildProcess._handle.onexit (internal/child_process.js:226:5)
377 verbose pkgid node-base64@0.0.1
378 verbose cwd C:\Users\Mariana\Documents\SENIOR_POJECT\Driverless-Car-Website-1.0\Code
379 error Windows_NT 10.0.14393
380 error argv "C:\\Program Files\\nodejs\\node.exe" "C:\\Users\\Mariana\\AppData\\Roaming\\npm\\node_modules\\npm\\bin\\npm-cli.js" "install" "jwt" "--save"
381 error node v6.9.4
382 error npm  v3.10.3
383 error code ELIFECYCLE
384 error node-base64@0.0.1 install: `./install.sh`
384 error Exit status 1
385 error Failed at the node-base64@0.0.1 install script './install.sh'.
385 error Make sure you have the latest version of node.js and npm installed.
385 error If you do, this is most likely a problem with the node-base64 package,
385 error not with npm itself.
385 error Tell the author that this fails on your system:
385 error     ./install.sh
385 error You can get information on how to open an issue for this project with:
385 error     npm bugs node-base64
385 error Or if that isn't available, you can get their info via:
385 error     npm owner ls node-base64
385 error There is likely additional logging output above.
386 verbose exit [ 1, true ]
